{"F:\\RustProjects\\MultiChat\\client\\dist\\assets\\index-CJfYLSk7.js": {"path":"F:\\RustProjects\\MultiChat\\client\\dist\\assets\\index-CJfYLSk7.js","all":true,"statementMap":{"0":{"start":{"line":1,"column":0},"end":{"line":1,"column":20081}},"1":{"start":{"line":2,"column":0},"end":{"line":2,"column":75}},"2":{"start":{"line":3,"column":0},"end":{"line":3,"column":985}},"3":{"start":{"line":4,"column":0},"end":{"line":4,"column":14}},"4":{"start":{"line":5,"column":0},"end":{"line":5,"column":328}},"5":{"start":{"line":6,"column":0},"end":{"line":6,"column":694}},"6":{"start":{"line":7,"column":0},"end":{"line":7,"column":37}},"7":{"start":{"line":8,"column":0},"end":{"line":8,"column":132280}},"8":{"start":{"line":9,"column":0},"end":{"line":9,"column":89776}},"9":{"start":{"line":10,"column":0},"end":{"line":10,"column":182}},"10":{"start":{"line":11,"column":0},"end":{"line":11,"column":62}},"11":{"start":{"line":12,"column":0},"end":{"line":12,"column":298}},"12":{"start":{"line":13,"column":0},"end":{"line":13,"column":5}},"13":{"start":{"line":14,"column":0},"end":{"line":14,"column":23}},"14":{"start":{"line":15,"column":0},"end":{"line":15,"column":54}},"15":{"start":{"line":16,"column":0},"end":{"line":16,"column":59}},"16":{"start":{"line":17,"column":0},"end":{"line":17,"column":61}},"17":{"start":{"line":18,"column":0},"end":{"line":18,"column":26}},"18":{"start":{"line":19,"column":0},"end":{"line":19,"column":25}},"19":{"start":{"line":20,"column":0},"end":{"line":20,"column":66}},"20":{"start":{"line":21,"column":0},"end":{"line":21,"column":22}},"21":{"start":{"line":22,"column":0},"end":{"line":22,"column":24}},"22":{"start":{"line":23,"column":0},"end":{"line":23,"column":12}},"23":{"start":{"line":24,"column":0},"end":{"line":24,"column":25}},"24":{"start":{"line":25,"column":0},"end":{"line":25,"column":5}},"25":{"start":{"line":26,"column":0},"end":{"line":26,"column":3}},"26":{"start":{"line":27,"column":0},"end":{"line":27,"column":25}},"27":{"start":{"line":28,"column":0},"end":{"line":28,"column":24}},"28":{"start":{"line":29,"column":0},"end":{"line":29,"column":3}},"29":{"start":{"line":30,"column":0},"end":{"line":30,"column":24}},"30":{"start":{"line":31,"column":0},"end":{"line":31,"column":23}},"31":{"start":{"line":32,"column":0},"end":{"line":32,"column":3}},"32":{"start":{"line":33,"column":0},"end":{"line":33,"column":20}},"33":{"start":{"line":34,"column":0},"end":{"line":34,"column":8}},"34":{"start":{"line":35,"column":0},"end":{"line":35,"column":3}},"35":{"start":{"line":36,"column":0},"end":{"line":36,"column":18767}},"36":{"start":{"line":37,"column":0},"end":{"line":37,"column":0}},"37":{"start":{"line":38,"column":0},"end":{"line":38,"column":42}},"38":{"start":{"line":39,"column":0},"end":{"line":39,"column":0}},"39":{"start":{"line":40,"column":0},"end":{"line":40,"column":63}},"40":{"start":{"line":41,"column":0},"end":{"line":41,"column":63}},"41":{"start":{"line":42,"column":0},"end":{"line":42,"column":0}},"42":{"start":{"line":43,"column":0},"end":{"line":43,"column":3328}},"43":{"start":{"line":44,"column":0},"end":{"line":44,"column":59698}},"44":{"start":{"line":45,"column":0},"end":{"line":45,"column":6}},"45":{"start":{"line":46,"column":0},"end":{"line":46,"column":24}},"46":{"start":{"line":47,"column":0},"end":{"line":47,"column":17}},"47":{"start":{"line":48,"column":0},"end":{"line":48,"column":3}},"48":{"start":{"line":49,"column":0},"end":{"line":49,"column":0}},"49":{"start":{"line":50,"column":0},"end":{"line":50,"column":8}},"50":{"start":{"line":51,"column":0},"end":{"line":51,"column":24}},"51":{"start":{"line":52,"column":0},"end":{"line":52,"column":17}},"52":{"start":{"line":53,"column":0},"end":{"line":53,"column":3}},"53":{"start":{"line":54,"column":0},"end":{"line":54,"column":8}},"54":{"start":{"line":55,"column":0},"end":{"line":55,"column":6}},"55":{"start":{"line":56,"column":0},"end":{"line":56,"column":15}},"56":{"start":{"line":57,"column":0},"end":{"line":57,"column":3}},"57":{"start":{"line":58,"column":0},"end":{"line":58,"column":0}},"58":{"start":{"line":59,"column":0},"end":{"line":59,"column":8}},"59":{"start":{"line":60,"column":0},"end":{"line":60,"column":15}},"60":{"start":{"line":61,"column":0},"end":{"line":61,"column":3}},"61":{"start":{"line":62,"column":0},"end":{"line":62,"column":8}},"62":{"start":{"line":63,"column":0},"end":{"line":63,"column":6}},"63":{"start":{"line":64,"column":0},"end":{"line":64,"column":24}},"64":{"start":{"line":65,"column":0},"end":{"line":65,"column":3}},"65":{"start":{"line":66,"column":0},"end":{"line":66,"column":0}},"66":{"start":{"line":67,"column":0},"end":{"line":67,"column":7}},"67":{"start":{"line":68,"column":0},"end":{"line":68,"column":27}},"68":{"start":{"line":69,"column":0},"end":{"line":69,"column":3}},"69":{"start":{"line":70,"column":0},"end":{"line":70,"column":0}},"70":{"start":{"line":71,"column":0},"end":{"line":71,"column":8}},"71":{"start":{"line":72,"column":0},"end":{"line":72,"column":24}},"72":{"start":{"line":73,"column":0},"end":{"line":73,"column":3}},"73":{"start":{"line":74,"column":0},"end":{"line":74,"column":222}},"74":{"start":{"line":75,"column":0},"end":{"line":75,"column":13}},"75":{"start":{"line":76,"column":0},"end":{"line":76,"column":21}},"76":{"start":{"line":77,"column":0},"end":{"line":77,"column":0}},"77":{"start":{"line":78,"column":0},"end":{"line":78,"column":25}},"78":{"start":{"line":79,"column":0},"end":{"line":79,"column":17}},"79":{"start":{"line":80,"column":0},"end":{"line":80,"column":24}},"80":{"start":{"line":81,"column":0},"end":{"line":81,"column":26}},"81":{"start":{"line":82,"column":0},"end":{"line":82,"column":32}},"82":{"start":{"line":83,"column":0},"end":{"line":83,"column":78}},"83":{"start":{"line":84,"column":0},"end":{"line":84,"column":3}},"84":{"start":{"line":85,"column":0},"end":{"line":85,"column":0}},"85":{"start":{"line":86,"column":0},"end":{"line":86,"column":25}},"86":{"start":{"line":87,"column":0},"end":{"line":87,"column":73}},"87":{"start":{"line":88,"column":0},"end":{"line":88,"column":3}},"88":{"start":{"line":89,"column":0},"end":{"line":89,"column":0}},"89":{"start":{"line":90,"column":0},"end":{"line":90,"column":18}},"90":{"start":{"line":91,"column":0},"end":{"line":91,"column":15}},"91":{"start":{"line":92,"column":0},"end":{"line":92,"column":19}},"92":{"start":{"line":93,"column":0},"end":{"line":93,"column":16}},"93":{"start":{"line":94,"column":0},"end":{"line":94,"column":17}},"94":{"start":{"line":95,"column":0},"end":{"line":95,"column":23}},"95":{"start":{"line":96,"column":0},"end":{"line":96,"column":35}},"96":{"start":{"line":97,"column":0},"end":{"line":97,"column":3}},"97":{"start":{"line":98,"column":0},"end":{"line":98,"column":0}},"98":{"start":{"line":99,"column":0},"end":{"line":99,"column":25}},"99":{"start":{"line":100,"column":0},"end":{"line":100,"column":15}},"100":{"start":{"line":101,"column":0},"end":{"line":101,"column":26}},"101":{"start":{"line":102,"column":0},"end":{"line":102,"column":32}},"102":{"start":{"line":103,"column":0},"end":{"line":103,"column":78}},"103":{"start":{"line":104,"column":0},"end":{"line":104,"column":3}},"104":{"start":{"line":105,"column":0},"end":{"line":105,"column":0}},"105":{"start":{"line":106,"column":0},"end":{"line":106,"column":25}},"106":{"start":{"line":107,"column":0},"end":{"line":107,"column":23}},"107":{"start":{"line":108,"column":0},"end":{"line":108,"column":17}},"108":{"start":{"line":109,"column":0},"end":{"line":109,"column":14}},"109":{"start":{"line":110,"column":0},"end":{"line":110,"column":11}},"110":{"start":{"line":111,"column":0},"end":{"line":111,"column":26}},"111":{"start":{"line":112,"column":0},"end":{"line":112,"column":31}},"112":{"start":{"line":113,"column":0},"end":{"line":113,"column":78}},"113":{"start":{"line":114,"column":0},"end":{"line":114,"column":40}},"114":{"start":{"line":115,"column":0},"end":{"line":115,"column":27}},"115":{"start":{"line":116,"column":0},"end":{"line":116,"column":3}},"116":{"start":{"line":117,"column":0},"end":{"line":117,"column":5548}},"117":{"start":{"line":118,"column":0},"end":{"line":118,"column":6}},"118":{"start":{"line":119,"column":0},"end":{"line":119,"column":28}},"119":{"start":{"line":120,"column":0},"end":{"line":120,"column":3}},"120":{"start":{"line":121,"column":0},"end":{"line":121,"column":0}},"121":{"start":{"line":122,"column":0},"end":{"line":122,"column":8}},"122":{"start":{"line":123,"column":0},"end":{"line":123,"column":30}},"123":{"start":{"line":124,"column":0},"end":{"line":124,"column":3}},"124":{"start":{"line":125,"column":0},"end":{"line":125,"column":8}},"125":{"start":{"line":126,"column":0},"end":{"line":126,"column":6}},"126":{"start":{"line":127,"column":0},"end":{"line":127,"column":33}},"127":{"start":{"line":128,"column":0},"end":{"line":128,"column":25}},"128":{"start":{"line":129,"column":0},"end":{"line":129,"column":3}},"129":{"start":{"line":130,"column":0},"end":{"line":130,"column":0}},"130":{"start":{"line":131,"column":0},"end":{"line":131,"column":7}},"131":{"start":{"line":132,"column":0},"end":{"line":132,"column":35}},"132":{"start":{"line":133,"column":0},"end":{"line":133,"column":29}},"133":{"start":{"line":134,"column":0},"end":{"line":134,"column":3}},"134":{"start":{"line":135,"column":0},"end":{"line":135,"column":0}},"135":{"start":{"line":136,"column":0},"end":{"line":136,"column":8}},"136":{"start":{"line":137,"column":0},"end":{"line":137,"column":33}},"137":{"start":{"line":138,"column":0},"end":{"line":138,"column":30}},"138":{"start":{"line":139,"column":0},"end":{"line":139,"column":3}},"139":{"start":{"line":140,"column":0},"end":{"line":140,"column":33}},"140":{"start":{"line":141,"column":0},"end":{"line":141,"column":46}},"141":{"start":{"line":142,"column":0},"end":{"line":142,"column":39}},"142":{"start":{"line":143,"column":0},"end":{"line":143,"column":51}},"143":{"start":{"line":144,"column":0},"end":{"line":144,"column":74893}},"144":{"start":{"line":145,"column":0},"end":{"line":145,"column":3361}},"145":{"start":{"line":146,"column":0},"end":{"line":146,"column":23735}},"146":{"start":{"line":147,"column":0},"end":{"line":147,"column":18}},"147":{"start":{"line":148,"column":0},"end":{"line":148,"column":2214}},"148":{"start":{"line":149,"column":0},"end":{"line":149,"column":97}},"149":{"start":{"line":150,"column":0},"end":{"line":150,"column":26}},"150":{"start":{"line":151,"column":0},"end":{"line":151,"column":72}},"151":{"start":{"line":152,"column":0},"end":{"line":152,"column":26487}},"152":{"start":{"line":153,"column":0},"end":{"line":153,"column":1238}},"153":{"start":{"line":154,"column":0},"end":{"line":154,"column":117851}},"154":{"start":{"line":155,"column":0},"end":{"line":155,"column":55201}},"155":{"start":{"line":156,"column":0},"end":{"line":156,"column":20}},"156":{"start":{"line":157,"column":0},"end":{"line":157,"column":11887}},"157":{"start":{"line":158,"column":0},"end":{"line":158,"column":44}},"158":{"start":{"line":159,"column":0},"end":{"line":159,"column":3569}},"159":{"start":{"line":160,"column":0},"end":{"line":160,"column":168}},"160":{"start":{"line":161,"column":0},"end":{"line":161,"column":7553}},"161":{"start":{"line":162,"column":0},"end":{"line":162,"column":89}},"162":{"start":{"line":163,"column":0},"end":{"line":163,"column":3545}},"163":{"start":{"line":164,"column":0},"end":{"line":164,"column":48}},"164":{"start":{"line":165,"column":0},"end":{"line":165,"column":66}},"165":{"start":{"line":166,"column":0},"end":{"line":166,"column":299}},"166":{"start":{"line":167,"column":0},"end":{"line":167,"column":19218}},"167":{"start":{"line":168,"column":0},"end":{"line":168,"column":2159}},"168":{"start":{"line":169,"column":0},"end":{"line":169,"column":677}},"169":{"start":{"line":170,"column":0},"end":{"line":170,"column":72}},"170":{"start":{"line":171,"column":0},"end":{"line":171,"column":1002}},"171":{"start":{"line":172,"column":0},"end":{"line":172,"column":55}},"172":{"start":{"line":173,"column":0},"end":{"line":173,"column":20}},"173":{"start":{"line":174,"column":0},"end":{"line":174,"column":714}},"174":{"start":{"line":175,"column":0},"end":{"line":175,"column":1635}},"175":{"start":{"line":176,"column":0},"end":{"line":176,"column":9}},"176":{"start":{"line":177,"column":0},"end":{"line":177,"column":22}},"177":{"start":{"line":178,"column":0},"end":{"line":178,"column":79}},"178":{"start":{"line":179,"column":0},"end":{"line":179,"column":136}},"179":{"start":{"line":180,"column":0},"end":{"line":180,"column":8435}},"180":{"start":{"line":181,"column":0},"end":{"line":181,"column":359}},"181":{"start":{"line":182,"column":0},"end":{"line":182,"column":18694}},"182":{"start":{"line":183,"column":0},"end":{"line":183,"column":5909}},"183":{"start":{"line":184,"column":0},"end":{"line":184,"column":276}},"184":{"start":{"line":185,"column":0},"end":{"line":185,"column":1960}},"185":{"start":{"line":186,"column":0},"end":{"line":186,"column":73}},"186":{"start":{"line":187,"column":0},"end":{"line":187,"column":188598}},"187":{"start":{"line":188,"column":0},"end":{"line":188,"column":2}},"188":{"start":{"line":189,"column":0},"end":{"line":189,"column":348049}},"189":{"start":{"line":190,"column":0},"end":{"line":190,"column":102421}}},"s":{"0":0,"1":0,"2":0,"3":0,"4":0,"5":0,"6":0,"7":0,"8":0,"9":0,"10":0,"11":0,"12":0,"13":0,"14":0,"15":0,"16":0,"17":0,"18":0,"19":0,"20":0,"21":0,"22":0,"23":0,"24":0,"25":0,"26":0,"27":0,"28":0,"29":0,"30":0,"31":0,"32":0,"33":0,"34":0,"35":0,"36":0,"37":0,"38":0,"39":0,"40":0,"41":0,"42":0,"43":0,"44":0,"45":0,"46":0,"47":0,"48":0,"49":0,"50":0,"51":0,"52":0,"53":0,"54":0,"55":0,"56":0,"57":0,"58":0,"59":0,"60":0,"61":0,"62":0,"63":0,"64":0,"65":0,"66":0,"67":0,"68":0,"69":0,"70":0,"71":0,"72":0,"73":0,"74":0,"75":0,"76":0,"77":0,"78":0,"79":0,"80":0,"81":0,"82":0,"83":0,"84":0,"85":0,"86":0,"87":0,"88":0,"89":0,"90":0,"91":0,"92":0,"93":0,"94":0,"95":0,"96":0,"97":0,"98":0,"99":0,"100":0,"101":0,"102":0,"103":0,"104":0,"105":0,"106":0,"107":0,"108":0,"109":0,"110":0,"111":0,"112":0,"113":0,"114":0,"115":0,"116":0,"117":0,"118":0,"119":0,"120":0,"121":0,"122":0,"123":0,"124":0,"125":0,"126":0,"127":0,"128":0,"129":0,"130":0,"131":0,"132":0,"133":0,"134":0,"135":0,"136":0,"137":0,"138":0,"139":0,"140":0,"141":0,"142":0,"143":0,"144":0,"145":0,"146":0,"147":0,"148":0,"149":0,"150":0,"151":0,"152":0,"153":0,"154":0,"155":0,"156":0,"157":0,"158":0,"159":0,"160":0,"161":0,"162":0,"163":0,"164":0,"165":0,"166":0,"167":0,"168":0,"169":0,"170":0,"171":0,"172":0,"173":0,"174":0,"175":0,"176":0,"177":0,"178":0,"179":0,"180":0,"181":0,"182":0,"183":0,"184":0,"185":0,"186":0,"187":0,"188":0,"189":0},"branchMap":{"0":{"type":"branch","line":1,"loc":{"start":{"line":1,"column":0},"end":{"line":190,"column":102421}},"locations":[{"start":{"line":1,"column":0},"end":{"line":190,"column":102421}}]}},"b":{"0":[0]},"fnMap":{"0":{"name":"(empty-report)","decl":{"start":{"line":1,"column":0},"end":{"line":190,"column":102421}},"loc":{"start":{"line":1,"column":0},"end":{"line":190,"column":102421}},"line":1}},"f":{"0":0}}
,"F:\\RustProjects\\MultiChat\\client\\src\\App.tsx": {"path":"F:\\RustProjects\\MultiChat\\client\\src\\App.tsx","all":true,"statementMap":{"0":{"start":{"line":1,"column":0},"end":{"line":1,"column":100}},"1":{"start":{"line":2,"column":0},"end":{"line":2,"column":66}},"2":{"start":{"line":3,"column":0},"end":{"line":3,"column":52}},"3":{"start":{"line":4,"column":0},"end":{"line":4,"column":36}},"4":{"start":{"line":5,"column":0},"end":{"line":5,"column":42}},"5":{"start":{"line":6,"column":0},"end":{"line":6,"column":44}},"6":{"start":{"line":7,"column":0},"end":{"line":7,"column":50}},"7":{"start":{"line":8,"column":0},"end":{"line":8,"column":42}},"8":{"start":{"line":9,"column":0},"end":{"line":9,"column":50}},"9":{"start":{"line":10,"column":0},"end":{"line":10,"column":42}},"10":{"start":{"line":11,"column":0},"end":{"line":11,"column":44}},"11":{"start":{"line":12,"column":0},"end":{"line":12,"column":42}},"12":{"start":{"line":13,"column":0},"end":{"line":13,"column":52}},"13":{"start":{"line":14,"column":0},"end":{"line":14,"column":56}},"14":{"start":{"line":15,"column":0},"end":{"line":15,"column":56}},"15":{"start":{"line":16,"column":0},"end":{"line":16,"column":40}},"16":{"start":{"line":17,"column":0},"end":{"line":17,"column":46}},"17":{"start":{"line":18,"column":0},"end":{"line":18,"column":62}},"18":{"start":{"line":19,"column":0},"end":{"line":19,"column":46}},"19":{"start":{"line":20,"column":0},"end":{"line":20,"column":62}},"20":{"start":{"line":21,"column":0},"end":{"line":21,"column":56}},"21":{"start":{"line":22,"column":0},"end":{"line":22,"column":54}},"22":{"start":{"line":23,"column":0},"end":{"line":23,"column":48}},"24":{"start":{"line":25,"column":0},"end":{"line":25,"column":54}},"25":{"start":{"line":26,"column":0},"end":{"line":26,"column":47}},"26":{"start":{"line":27,"column":0},"end":{"line":27,"column":53}},"27":{"start":{"line":28,"column":0},"end":{"line":28,"column":63}},"28":{"start":{"line":29,"column":0},"end":{"line":29,"column":56}},"29":{"start":{"line":30,"column":0},"end":{"line":30,"column":57}},"30":{"start":{"line":31,"column":0},"end":{"line":31,"column":63}},"31":{"start":{"line":32,"column":0},"end":{"line":32,"column":93}},"35":{"start":{"line":36,"column":0},"end":{"line":36,"column":25}},"38":{"start":{"line":39,"column":0},"end":{"line":39,"column":27}},"39":{"start":{"line":40,"column":0},"end":{"line":40,"column":12}},"40":{"start":{"line":41,"column":0},"end":{"line":41,"column":14}},"41":{"start":{"line":42,"column":0},"end":{"line":42,"column":22}},"42":{"start":{"line":43,"column":0},"end":{"line":43,"column":23}},"43":{"start":{"line":44,"column":0},"end":{"line":44,"column":22}},"44":{"start":{"line":45,"column":0},"end":{"line":45,"column":6}},"45":{"start":{"line":46,"column":0},"end":{"line":46,"column":16}},"46":{"start":{"line":47,"column":0},"end":{"line":47,"column":22}},"47":{"start":{"line":48,"column":0},"end":{"line":48,"column":6}},"48":{"start":{"line":49,"column":0},"end":{"line":49,"column":17}},"49":{"start":{"line":50,"column":0},"end":{"line":50,"column":25}},"50":{"start":{"line":51,"column":0},"end":{"line":51,"column":6}},"51":{"start":{"line":52,"column":0},"end":{"line":52,"column":4}},"52":{"start":{"line":53,"column":0},"end":{"line":53,"column":15}},"53":{"start":{"line":54,"column":0},"end":{"line":54,"column":17}},"54":{"start":{"line":55,"column":0},"end":{"line":55,"column":22}},"55":{"start":{"line":56,"column":0},"end":{"line":56,"column":27}},"56":{"start":{"line":57,"column":0},"end":{"line":57,"column":19}},"57":{"start":{"line":58,"column":0},"end":{"line":58,"column":15}},"58":{"start":{"line":59,"column":0},"end":{"line":59,"column":25}},"59":{"start":{"line":60,"column":0},"end":{"line":60,"column":14}},"60":{"start":{"line":61,"column":0},"end":{"line":61,"column":19}},"61":{"start":{"line":62,"column":0},"end":{"line":62,"column":16}},"62":{"start":{"line":63,"column":0},"end":{"line":63,"column":4}},"63":{"start":{"line":64,"column":0},"end":{"line":64,"column":3}},"66":{"start":{"line":67,"column":0},"end":{"line":67,"column":108}},"67":{"start":{"line":68,"column":0},"end":{"line":68,"column":47}},"68":{"start":{"line":69,"column":0},"end":{"line":69,"column":17}},"69":{"start":{"line":70,"column":0},"end":{"line":70,"column":50}},"70":{"start":{"line":71,"column":0},"end":{"line":71,"column":3}},"72":{"start":{"line":73,"column":0},"end":{"line":73,"column":49}},"73":{"start":{"line":74,"column":0},"end":{"line":74,"column":37}},"74":{"start":{"line":75,"column":0},"end":{"line":75,"column":3}},"76":{"start":{"line":77,"column":0},"end":{"line":77,"column":58}},"77":{"start":{"line":78,"column":0},"end":{"line":78,"column":49}},"78":{"start":{"line":79,"column":0},"end":{"line":79,"column":3}},"80":{"start":{"line":81,"column":0},"end":{"line":81,"column":12}},"81":{"start":{"line":82,"column":0},"end":{"line":82,"column":30}},"82":{"start":{"line":83,"column":0},"end":{"line":83,"column":14}},"83":{"start":{"line":84,"column":0},"end":{"line":84,"column":48}},"84":{"start":{"line":85,"column":0},"end":{"line":85,"column":62}},"86":{"start":{"line":87,"column":0},"end":{"line":87,"column":23}},"87":{"start":{"line":88,"column":0},"end":{"line":88,"column":76}},"88":{"start":{"line":89,"column":0},"end":{"line":89,"column":49}},"89":{"start":{"line":90,"column":0},"end":{"line":90,"column":23}},"90":{"start":{"line":91,"column":0},"end":{"line":91,"column":17}},"91":{"start":{"line":92,"column":0},"end":{"line":92,"column":31}},"92":{"start":{"line":93,"column":0},"end":{"line":93,"column":52}},"93":{"start":{"line":94,"column":0},"end":{"line":94,"column":11}},"95":{"start":{"line":96,"column":0},"end":{"line":96,"column":19}},"96":{"start":{"line":97,"column":0},"end":{"line":97,"column":14}},"98":{"start":{"line":99,"column":0},"end":{"line":99,"column":5}},"99":{"start":{"line":100,"column":0},"end":{"line":100,"column":31}},"100":{"start":{"line":101,"column":0},"end":{"line":101,"column":3}},"101":{"start":{"line":102,"column":0},"end":{"line":102,"column":1}},"104":{"start":{"line":105,"column":0},"end":{"line":105,"column":67}},"105":{"start":{"line":106,"column":0},"end":{"line":106,"column":41}},"107":{"start":{"line":108,"column":0},"end":{"line":108,"column":10}},"108":{"start":{"line":109,"column":0},"end":{"line":109,"column":8}},"109":{"start":{"line":110,"column":0},"end":{"line":110,"column":11}},"110":{"start":{"line":111,"column":0},"end":{"line":111,"column":24}},"111":{"start":{"line":112,"column":0},"end":{"line":112,"column":59}},"112":{"start":{"line":113,"column":0},"end":{"line":113,"column":16}},"113":{"start":{"line":114,"column":0},"end":{"line":114,"column":8}},"115":{"start":{"line":116,"column":0},"end":{"line":116,"column":10}},"116":{"start":{"line":117,"column":0},"end":{"line":117,"column":13}},"117":{"start":{"line":118,"column":0},"end":{"line":118,"column":26}},"118":{"start":{"line":119,"column":0},"end":{"line":119,"column":57}},"119":{"start":{"line":120,"column":0},"end":{"line":120,"column":51}},"120":{"start":{"line":121,"column":0},"end":{"line":121,"column":26}},"121":{"start":{"line":122,"column":0},"end":{"line":122,"column":16}},"122":{"start":{"line":123,"column":0},"end":{"line":123,"column":18}},"123":{"start":{"line":124,"column":0},"end":{"line":124,"column":10}},"126":{"start":{"line":127,"column":0},"end":{"line":127,"column":87}},"127":{"start":{"line":128,"column":0},"end":{"line":128,"column":48}},"128":{"start":{"line":129,"column":0},"end":{"line":129,"column":21}},"130":{"start":{"line":131,"column":0},"end":{"line":131,"column":93}},"131":{"start":{"line":132,"column":0},"end":{"line":132,"column":27}},"132":{"start":{"line":133,"column":0},"end":{"line":133,"column":21}},"133":{"start":{"line":134,"column":0},"end":{"line":134,"column":12}},"134":{"start":{"line":135,"column":0},"end":{"line":135,"column":10}},"136":{"start":{"line":137,"column":0},"end":{"line":137,"column":1}},"138":{"start":{"line":139,"column":0},"end":{"line":139,"column":16}},"140":{"start":{"line":141,"column":0},"end":{"line":141,"column":104}},"143":{"start":{"line":144,"column":0},"end":{"line":144,"column":54}},"145":{"start":{"line":146,"column":0},"end":{"line":146,"column":64}},"147":{"start":{"line":148,"column":0},"end":{"line":148,"column":80}},"148":{"start":{"line":149,"column":0},"end":{"line":149,"column":16}},"149":{"start":{"line":150,"column":0},"end":{"line":150,"column":16}},"150":{"start":{"line":151,"column":0},"end":{"line":151,"column":5}},"153":{"start":{"line":154,"column":0},"end":{"line":154,"column":70}},"155":{"start":{"line":156,"column":0},"end":{"line":156,"column":73}},"157":{"start":{"line":158,"column":0},"end":{"line":158,"column":62}},"159":{"start":{"line":160,"column":0},"end":{"line":160,"column":78}},"161":{"start":{"line":162,"column":0},"end":{"line":162,"column":90}},"163":{"start":{"line":164,"column":0},"end":{"line":164,"column":66}},"166":{"start":{"line":167,"column":0},"end":{"line":167,"column":49}},"167":{"start":{"line":168,"column":0},"end":{"line":168,"column":46}},"168":{"start":{"line":169,"column":0},"end":{"line":169,"column":16}},"171":{"start":{"line":172,"column":0},"end":{"line":172,"column":52}},"172":{"start":{"line":173,"column":0},"end":{"line":173,"column":25}},"173":{"start":{"line":174,"column":0},"end":{"line":174,"column":26}},"174":{"start":{"line":175,"column":0},"end":{"line":175,"column":72}},"177":{"start":{"line":178,"column":0},"end":{"line":178,"column":33}},"178":{"start":{"line":179,"column":0},"end":{"line":179,"column":26}},"179":{"start":{"line":180,"column":0},"end":{"line":180,"column":27}},"180":{"start":{"line":181,"column":0},"end":{"line":181,"column":6}},"181":{"start":{"line":182,"column":0},"end":{"line":182,"column":17}},"182":{"start":{"line":183,"column":0},"end":{"line":183,"column":4}},"185":{"start":{"line":186,"column":0},"end":{"line":186,"column":46}},"186":{"start":{"line":187,"column":0},"end":{"line":187,"column":19}},"187":{"start":{"line":188,"column":0},"end":{"line":188,"column":51}},"188":{"start":{"line":189,"column":0},"end":{"line":189,"column":21}},"191":{"start":{"line":192,"column":0},"end":{"line":192,"column":48}},"192":{"start":{"line":193,"column":0},"end":{"line":193,"column":30}},"193":{"start":{"line":194,"column":0},"end":{"line":194,"column":19}},"194":{"start":{"line":195,"column":0},"end":{"line":195,"column":50}},"195":{"start":{"line":196,"column":0},"end":{"line":196,"column":21}},"198":{"start":{"line":199,"column":0},"end":{"line":199,"column":49}},"199":{"start":{"line":200,"column":0},"end":{"line":200,"column":9}},"200":{"start":{"line":201,"column":0},"end":{"line":201,"column":42}},"201":{"start":{"line":202,"column":0},"end":{"line":202,"column":25}},"202":{"start":{"line":203,"column":0},"end":{"line":203,"column":21}},"203":{"start":{"line":204,"column":0},"end":{"line":204,"column":40}},"204":{"start":{"line":205,"column":0},"end":{"line":205,"column":5}},"205":{"start":{"line":206,"column":0},"end":{"line":206,"column":9}},"208":{"start":{"line":209,"column":0},"end":{"line":209,"column":19}},"209":{"start":{"line":210,"column":0},"end":{"line":210,"column":29}},"210":{"start":{"line":211,"column":0},"end":{"line":211,"column":22}},"211":{"start":{"line":212,"column":0},"end":{"line":212,"column":5}},"212":{"start":{"line":213,"column":0},"end":{"line":213,"column":42}},"215":{"start":{"line":216,"column":0},"end":{"line":216,"column":65}},"216":{"start":{"line":217,"column":0},"end":{"line":217,"column":9}},"217":{"start":{"line":218,"column":0},"end":{"line":218,"column":25}},"218":{"start":{"line":219,"column":0},"end":{"line":219,"column":13}},"219":{"start":{"line":220,"column":0},"end":{"line":220,"column":43}},"220":{"start":{"line":221,"column":0},"end":{"line":221,"column":33}},"221":{"start":{"line":222,"column":0},"end":{"line":222,"column":9}},"222":{"start":{"line":223,"column":0},"end":{"line":223,"column":55}},"223":{"start":{"line":224,"column":0},"end":{"line":224,"column":30}},"224":{"start":{"line":225,"column":0},"end":{"line":225,"column":21}},"225":{"start":{"line":226,"column":0},"end":{"line":226,"column":51}},"226":{"start":{"line":227,"column":0},"end":{"line":227,"column":5}},"227":{"start":{"line":228,"column":0},"end":{"line":228,"column":59}},"230":{"start":{"line":231,"column":0},"end":{"line":231,"column":84}},"232":{"start":{"line":233,"column":0},"end":{"line":233,"column":36}},"233":{"start":{"line":234,"column":0},"end":{"line":234,"column":33}},"234":{"start":{"line":235,"column":0},"end":{"line":235,"column":38}},"235":{"start":{"line":236,"column":0},"end":{"line":236,"column":13}},"236":{"start":{"line":237,"column":0},"end":{"line":237,"column":5}},"239":{"start":{"line":240,"column":0},"end":{"line":240,"column":30}},"240":{"start":{"line":241,"column":0},"end":{"line":241,"column":9}},"241":{"start":{"line":242,"column":0},"end":{"line":242,"column":58}},"242":{"start":{"line":243,"column":0},"end":{"line":243,"column":57}},"243":{"start":{"line":244,"column":0},"end":{"line":244,"column":35}},"244":{"start":{"line":245,"column":0},"end":{"line":245,"column":54}},"245":{"start":{"line":246,"column":0},"end":{"line":246,"column":21}},"246":{"start":{"line":247,"column":0},"end":{"line":247,"column":42}},"247":{"start":{"line":248,"column":0},"end":{"line":248,"column":57}},"248":{"start":{"line":249,"column":0},"end":{"line":249,"column":15}},"249":{"start":{"line":250,"column":0},"end":{"line":250,"column":33}},"250":{"start":{"line":251,"column":0},"end":{"line":251,"column":5}},"251":{"start":{"line":252,"column":0},"end":{"line":252,"column":43}},"254":{"start":{"line":255,"column":0},"end":{"line":255,"column":54}},"255":{"start":{"line":256,"column":0},"end":{"line":256,"column":32}},"257":{"start":{"line":258,"column":0},"end":{"line":258,"column":30}},"258":{"start":{"line":259,"column":0},"end":{"line":259,"column":9}},"260":{"start":{"line":261,"column":0},"end":{"line":261,"column":65}},"261":{"start":{"line":262,"column":0},"end":{"line":262,"column":57}},"262":{"start":{"line":263,"column":0},"end":{"line":263,"column":54}},"263":{"start":{"line":264,"column":0},"end":{"line":264,"column":21}},"264":{"start":{"line":265,"column":0},"end":{"line":265,"column":42}},"265":{"start":{"line":266,"column":0},"end":{"line":266,"column":57}},"266":{"start":{"line":267,"column":0},"end":{"line":267,"column":15}},"267":{"start":{"line":268,"column":0},"end":{"line":268,"column":30}},"268":{"start":{"line":269,"column":0},"end":{"line":269,"column":39}},"269":{"start":{"line":270,"column":0},"end":{"line":270,"column":35}},"270":{"start":{"line":271,"column":0},"end":{"line":271,"column":33}},"271":{"start":{"line":272,"column":0},"end":{"line":272,"column":5}},"272":{"start":{"line":273,"column":0},"end":{"line":273,"column":36}},"275":{"start":{"line":276,"column":0},"end":{"line":276,"column":65}},"276":{"start":{"line":277,"column":0},"end":{"line":277,"column":9}},"277":{"start":{"line":278,"column":0},"end":{"line":278,"column":30}},"278":{"start":{"line":279,"column":0},"end":{"line":279,"column":58}},"279":{"start":{"line":280,"column":0},"end":{"line":280,"column":54}},"280":{"start":{"line":281,"column":0},"end":{"line":281,"column":21}},"281":{"start":{"line":282,"column":0},"end":{"line":282,"column":51}},"282":{"start":{"line":283,"column":0},"end":{"line":283,"column":5}},"283":{"start":{"line":284,"column":0},"end":{"line":284,"column":9}},"285":{"start":{"line":286,"column":0},"end":{"line":286,"column":10}},"286":{"start":{"line":287,"column":0},"end":{"line":287,"column":33}},"287":{"start":{"line":288,"column":0},"end":{"line":288,"column":21}},"289":{"start":{"line":290,"column":0},"end":{"line":290,"column":21}},"290":{"start":{"line":291,"column":0},"end":{"line":291,"column":55}},"292":{"start":{"line":293,"column":0},"end":{"line":293,"column":79}},"293":{"start":{"line":294,"column":0},"end":{"line":294,"column":62}},"295":{"start":{"line":296,"column":0},"end":{"line":296,"column":62}},"297":{"start":{"line":298,"column":0},"end":{"line":298,"column":27}},"300":{"start":{"line":301,"column":0},"end":{"line":301,"column":52}},"301":{"start":{"line":302,"column":0},"end":{"line":302,"column":38}},"302":{"start":{"line":303,"column":0},"end":{"line":303,"column":24}},"303":{"start":{"line":304,"column":0},"end":{"line":304,"column":27}},"304":{"start":{"line":305,"column":0},"end":{"line":305,"column":37}},"305":{"start":{"line":306,"column":0},"end":{"line":306,"column":45}},"306":{"start":{"line":307,"column":0},"end":{"line":307,"column":48}},"307":{"start":{"line":308,"column":0},"end":{"line":308,"column":48}},"308":{"start":{"line":309,"column":0},"end":{"line":309,"column":34}},"309":{"start":{"line":310,"column":0},"end":{"line":310,"column":21}},"311":{"start":{"line":312,"column":0},"end":{"line":312,"column":29}},"312":{"start":{"line":313,"column":0},"end":{"line":313,"column":25}},"313":{"start":{"line":314,"column":0},"end":{"line":314,"column":26}},"314":{"start":{"line":315,"column":0},"end":{"line":315,"column":40}},"315":{"start":{"line":316,"column":0},"end":{"line":316,"column":24}},"316":{"start":{"line":317,"column":0},"end":{"line":317,"column":31}},"317":{"start":{"line":318,"column":0},"end":{"line":318,"column":37}},"318":{"start":{"line":319,"column":0},"end":{"line":319,"column":61}},"319":{"start":{"line":320,"column":0},"end":{"line":320,"column":79}},"320":{"start":{"line":321,"column":0},"end":{"line":321,"column":34}},"322":{"start":{"line":323,"column":0},"end":{"line":323,"column":34}},"323":{"start":{"line":324,"column":0},"end":{"line":324,"column":33}},"324":{"start":{"line":325,"column":0},"end":{"line":325,"column":25}},"325":{"start":{"line":326,"column":0},"end":{"line":326,"column":26}},"326":{"start":{"line":327,"column":0},"end":{"line":327,"column":38}},"327":{"start":{"line":328,"column":0},"end":{"line":328,"column":24}},"328":{"start":{"line":329,"column":0},"end":{"line":329,"column":31}},"329":{"start":{"line":330,"column":0},"end":{"line":330,"column":37}},"330":{"start":{"line":331,"column":0},"end":{"line":331,"column":65}},"331":{"start":{"line":332,"column":0},"end":{"line":332,"column":34}},"333":{"start":{"line":334,"column":0},"end":{"line":334,"column":37}},"334":{"start":{"line":335,"column":0},"end":{"line":335,"column":33}},"335":{"start":{"line":336,"column":0},"end":{"line":336,"column":25}},"336":{"start":{"line":337,"column":0},"end":{"line":337,"column":26}},"337":{"start":{"line":338,"column":0},"end":{"line":338,"column":40}},"338":{"start":{"line":339,"column":0},"end":{"line":339,"column":24}},"339":{"start":{"line":340,"column":0},"end":{"line":340,"column":31}},"340":{"start":{"line":341,"column":0},"end":{"line":341,"column":37}},"341":{"start":{"line":342,"column":0},"end":{"line":342,"column":62}},"342":{"start":{"line":343,"column":0},"end":{"line":343,"column":79}},"343":{"start":{"line":344,"column":0},"end":{"line":344,"column":34}},"345":{"start":{"line":346,"column":0},"end":{"line":346,"column":41}},"346":{"start":{"line":347,"column":0},"end":{"line":347,"column":33}},"347":{"start":{"line":348,"column":0},"end":{"line":348,"column":25}},"348":{"start":{"line":349,"column":0},"end":{"line":349,"column":26}},"349":{"start":{"line":350,"column":0},"end":{"line":350,"column":38}},"350":{"start":{"line":351,"column":0},"end":{"line":351,"column":24}},"351":{"start":{"line":352,"column":0},"end":{"line":352,"column":31}},"352":{"start":{"line":353,"column":0},"end":{"line":353,"column":37}},"353":{"start":{"line":354,"column":0},"end":{"line":354,"column":57}},"354":{"start":{"line":355,"column":0},"end":{"line":355,"column":34}},"356":{"start":{"line":357,"column":0},"end":{"line":357,"column":36}},"357":{"start":{"line":358,"column":0},"end":{"line":358,"column":31}},"358":{"start":{"line":359,"column":0},"end":{"line":359,"column":25}},"359":{"start":{"line":360,"column":0},"end":{"line":360,"column":26}},"360":{"start":{"line":361,"column":0},"end":{"line":361,"column":20}},"361":{"start":{"line":362,"column":0},"end":{"line":362,"column":22}},"362":{"start":{"line":363,"column":0},"end":{"line":363,"column":19}},"365":{"start":{"line":366,"column":0},"end":{"line":366,"column":17}},"366":{"start":{"line":367,"column":0},"end":{"line":367,"column":31}},"367":{"start":{"line":368,"column":0},"end":{"line":368,"column":17}},"368":{"start":{"line":369,"column":0},"end":{"line":369,"column":34}},"369":{"start":{"line":370,"column":0},"end":{"line":370,"column":28}},"370":{"start":{"line":371,"column":0},"end":{"line":371,"column":37}},"371":{"start":{"line":372,"column":0},"end":{"line":372,"column":36}},"372":{"start":{"line":373,"column":0},"end":{"line":373,"column":40}},"373":{"start":{"line":374,"column":0},"end":{"line":374,"column":16}},"374":{"start":{"line":375,"column":0},"end":{"line":375,"column":14}},"376":{"start":{"line":377,"column":0},"end":{"line":377,"column":23}},"377":{"start":{"line":378,"column":0},"end":{"line":378,"column":52}},"378":{"start":{"line":379,"column":0},"end":{"line":379,"column":27}},"379":{"start":{"line":380,"column":0},"end":{"line":380,"column":51}},"380":{"start":{"line":381,"column":0},"end":{"line":381,"column":51}},"381":{"start":{"line":382,"column":0},"end":{"line":382,"column":43}},"382":{"start":{"line":383,"column":0},"end":{"line":383,"column":16}},"383":{"start":{"line":384,"column":0},"end":{"line":384,"column":18}},"384":{"start":{"line":385,"column":0},"end":{"line":385,"column":19}},"387":{"start":{"line":388,"column":0},"end":{"line":388,"column":14}},"388":{"start":{"line":389,"column":0},"end":{"line":389,"column":28}},"389":{"start":{"line":390,"column":0},"end":{"line":390,"column":17}},"390":{"start":{"line":391,"column":0},"end":{"line":391,"column":26}},"391":{"start":{"line":392,"column":0},"end":{"line":392,"column":30}},"392":{"start":{"line":393,"column":0},"end":{"line":393,"column":38}},"393":{"start":{"line":394,"column":0},"end":{"line":394,"column":30}},"394":{"start":{"line":395,"column":0},"end":{"line":395,"column":44}},"395":{"start":{"line":396,"column":0},"end":{"line":396,"column":14}},"397":{"start":{"line":398,"column":0},"end":{"line":398,"column":23}},"400":{"start":{"line":401,"column":0},"end":{"line":401,"column":16}},"401":{"start":{"line":402,"column":0},"end":{"line":402,"column":19}},"402":{"start":{"line":403,"column":0},"end":{"line":403,"column":24}},"403":{"start":{"line":404,"column":0},"end":{"line":404,"column":34}},"404":{"start":{"line":405,"column":0},"end":{"line":405,"column":22}},"405":{"start":{"line":406,"column":0},"end":{"line":406,"column":22}},"406":{"start":{"line":407,"column":0},"end":{"line":407,"column":16}},"409":{"start":{"line":410,"column":0},"end":{"line":410,"column":67}},"410":{"start":{"line":411,"column":0},"end":{"line":411,"column":20}},"411":{"start":{"line":412,"column":0},"end":{"line":412,"column":23}},"412":{"start":{"line":413,"column":0},"end":{"line":413,"column":36}},"413":{"start":{"line":414,"column":0},"end":{"line":414,"column":44}},"414":{"start":{"line":415,"column":0},"end":{"line":415,"column":41}},"415":{"start":{"line":416,"column":0},"end":{"line":416,"column":45}},"416":{"start":{"line":417,"column":0},"end":{"line":417,"column":35}},"417":{"start":{"line":418,"column":0},"end":{"line":418,"column":44}},"418":{"start":{"line":419,"column":0},"end":{"line":419,"column":27}},"419":{"start":{"line":420,"column":0},"end":{"line":420,"column":20}},"421":{"start":{"line":422,"column":0},"end":{"line":422,"column":64}},"423":{"start":{"line":424,"column":0},"end":{"line":424,"column":31}},"424":{"start":{"line":425,"column":0},"end":{"line":425,"column":46}},"426":{"start":{"line":427,"column":0},"end":{"line":427,"column":31}},"427":{"start":{"line":428,"column":0},"end":{"line":428,"column":68}},"429":{"start":{"line":430,"column":0},"end":{"line":430,"column":31}},"430":{"start":{"line":431,"column":0},"end":{"line":431,"column":22}},"434":{"start":{"line":435,"column":0},"end":{"line":435,"column":29}},"435":{"start":{"line":436,"column":0},"end":{"line":436,"column":84}},"436":{"start":{"line":437,"column":0},"end":{"line":437,"column":42}},"437":{"start":{"line":438,"column":0},"end":{"line":438,"column":69}},"438":{"start":{"line":439,"column":0},"end":{"line":439,"column":19}},"441":{"start":{"line":442,"column":0},"end":{"line":442,"column":37}},"442":{"start":{"line":443,"column":0},"end":{"line":443,"column":63}},"443":{"start":{"line":444,"column":0},"end":{"line":444,"column":38}},"444":{"start":{"line":445,"column":0},"end":{"line":445,"column":75}},"445":{"start":{"line":446,"column":0},"end":{"line":446,"column":24}},"449":{"start":{"line":450,"column":0},"end":{"line":450,"column":35}},"450":{"start":{"line":451,"column":0},"end":{"line":451,"column":57}},"452":{"start":{"line":453,"column":0},"end":{"line":453,"column":24}},"456":{"start":{"line":457,"column":0},"end":{"line":457,"column":40}},"457":{"start":{"line":458,"column":0},"end":{"line":458,"column":54}},"459":{"start":{"line":460,"column":0},"end":{"line":460,"column":24}},"463":{"start":{"line":464,"column":0},"end":{"line":464,"column":60}},"464":{"start":{"line":465,"column":0},"end":{"line":465,"column":79}},"465":{"start":{"line":466,"column":0},"end":{"line":466,"column":38}},"466":{"start":{"line":467,"column":0},"end":{"line":467,"column":22}},"468":{"start":{"line":469,"column":0},"end":{"line":469,"column":18}},"471":{"start":{"line":472,"column":0},"end":{"line":472,"column":73}},"472":{"start":{"line":473,"column":0},"end":{"line":473,"column":16}},"473":{"start":{"line":474,"column":0},"end":{"line":474,"column":14}},"476":{"start":{"line":477,"column":0},"end":{"line":477,"column":15}},"477":{"start":{"line":478,"column":0},"end":{"line":478,"column":27}},"478":{"start":{"line":479,"column":0},"end":{"line":479,"column":46}},"479":{"start":{"line":480,"column":0},"end":{"line":480,"column":19}},"480":{"start":{"line":481,"column":0},"end":{"line":481,"column":23}},"482":{"start":{"line":483,"column":0},"end":{"line":483,"column":43}},"483":{"start":{"line":484,"column":0},"end":{"line":484,"column":39}},"484":{"start":{"line":485,"column":0},"end":{"line":485,"column":63}},"485":{"start":{"line":486,"column":0},"end":{"line":486,"column":26}},"486":{"start":{"line":487,"column":0},"end":{"line":487,"column":25}},"487":{"start":{"line":488,"column":0},"end":{"line":488,"column":68}},"488":{"start":{"line":489,"column":0},"end":{"line":489,"column":26}},"489":{"start":{"line":490,"column":0},"end":{"line":490,"column":17}},"492":{"start":{"line":493,"column":0},"end":{"line":493,"column":81}},"493":{"start":{"line":494,"column":0},"end":{"line":494,"column":43}},"494":{"start":{"line":495,"column":0},"end":{"line":495,"column":25}},"495":{"start":{"line":496,"column":0},"end":{"line":496,"column":40}},"497":{"start":{"line":498,"column":0},"end":{"line":498,"column":25}},"498":{"start":{"line":499,"column":0},"end":{"line":499,"column":26}},"499":{"start":{"line":500,"column":0},"end":{"line":500,"column":25}},"500":{"start":{"line":501,"column":0},"end":{"line":501,"column":73}},"501":{"start":{"line":502,"column":0},"end":{"line":502,"column":83}},"503":{"start":{"line":504,"column":0},"end":{"line":504,"column":21}},"504":{"start":{"line":505,"column":0},"end":{"line":505,"column":26}},"505":{"start":{"line":506,"column":0},"end":{"line":506,"column":17}},"508":{"start":{"line":509,"column":0},"end":{"line":509,"column":23}},"509":{"start":{"line":510,"column":0},"end":{"line":510,"column":35}},"510":{"start":{"line":511,"column":0},"end":{"line":511,"column":54}},"511":{"start":{"line":512,"column":0},"end":{"line":512,"column":31}},"512":{"start":{"line":513,"column":0},"end":{"line":513,"column":47}},"513":{"start":{"line":514,"column":0},"end":{"line":514,"column":47}},"514":{"start":{"line":515,"column":0},"end":{"line":515,"column":10}},"517":{"start":{"line":518,"column":0},"end":{"line":518,"column":26}},"518":{"start":{"line":519,"column":0},"end":{"line":519,"column":31}},"519":{"start":{"line":520,"column":0},"end":{"line":520,"column":50}},"520":{"start":{"line":521,"column":0},"end":{"line":521,"column":36}},"521":{"start":{"line":522,"column":0},"end":{"line":522,"column":10}},"524":{"start":{"line":525,"column":0},"end":{"line":525,"column":116}},"525":{"start":{"line":526,"column":0},"end":{"line":526,"column":45}},"526":{"start":{"line":527,"column":0},"end":{"line":527,"column":25}},"527":{"start":{"line":528,"column":0},"end":{"line":528,"column":40}},"529":{"start":{"line":530,"column":0},"end":{"line":530,"column":25}},"530":{"start":{"line":531,"column":0},"end":{"line":531,"column":26}},"531":{"start":{"line":532,"column":0},"end":{"line":532,"column":25}},"532":{"start":{"line":533,"column":0},"end":{"line":533,"column":97}},"534":{"start":{"line":535,"column":0},"end":{"line":535,"column":21}},"535":{"start":{"line":536,"column":0},"end":{"line":536,"column":19}},"536":{"start":{"line":537,"column":0},"end":{"line":537,"column":42}},"537":{"start":{"line":538,"column":0},"end":{"line":538,"column":29}},"538":{"start":{"line":539,"column":0},"end":{"line":539,"column":33}},"539":{"start":{"line":540,"column":0},"end":{"line":540,"column":41}},"541":{"start":{"line":542,"column":0},"end":{"line":542,"column":50}},"542":{"start":{"line":543,"column":0},"end":{"line":543,"column":21}},"543":{"start":{"line":544,"column":0},"end":{"line":544,"column":26}},"544":{"start":{"line":545,"column":0},"end":{"line":545,"column":17}},"547":{"start":{"line":548,"column":0},"end":{"line":548,"column":17}},"548":{"start":{"line":549,"column":0},"end":{"line":549,"column":30}},"549":{"start":{"line":550,"column":0},"end":{"line":550,"column":33}},"550":{"start":{"line":551,"column":0},"end":{"line":551,"column":67}},"551":{"start":{"line":552,"column":0},"end":{"line":552,"column":69}},"553":{"start":{"line":554,"column":0},"end":{"line":554,"column":16}},"554":{"start":{"line":555,"column":0},"end":{"line":555,"column":69}},"555":{"start":{"line":556,"column":0},"end":{"line":556,"column":30}},"556":{"start":{"line":557,"column":0},"end":{"line":557,"column":28}},"558":{"start":{"line":559,"column":0},"end":{"line":559,"column":30}},"559":{"start":{"line":560,"column":0},"end":{"line":560,"column":18}},"560":{"start":{"line":561,"column":0},"end":{"line":561,"column":19}},"561":{"start":{"line":562,"column":0},"end":{"line":562,"column":22}},"562":{"start":{"line":563,"column":0},"end":{"line":563,"column":20}},"564":{"start":{"line":565,"column":0},"end":{"line":565,"column":1}},"566":{"start":{"line":567,"column":0},"end":{"line":567,"column":19}}},"s":{"0":0,"1":0,"2":0,"3":0,"4":0,"5":0,"6":0,"7":0,"8":0,"9":0,"10":0,"11":0,"12":0,"13":0,"14":0,"15":0,"16":0,"17":0,"18":0,"19":0,"20":0,"21":0,"22":0,"24":0,"25":0,"26":0,"27":0,"28":0,"29":0,"30":0,"31":0,"35":0,"38":0,"39":0,"40":0,"41":0,"42":0,"43":0,"44":0,"45":0,"46":0,"47":0,"48":0,"49":0,"50":0,"51":0,"52":0,"53":0,"54":0,"55":0,"56":0,"57":0,"58":0,"59":0,"60":0,"61":0,"62":0,"63":0,"66":0,"67":0,"68":0,"69":0,"70":0,"72":0,"73":0,"74":0,"76":0,"77":0,"78":0,"80":0,"81":0,"82":0,"83":0,"84":0,"86":0,"87":0,"88":0,"89":0,"90":0,"91":0,"92":0,"93":0,"95":0,"96":0,"98":0,"99":0,"100":0,"101":0,"104":0,"105":0,"107":0,"108":0,"109":0,"110":0,"111":0,"112":0,"113":0,"115":0,"116":0,"117":0,"118":0,"119":0,"120":0,"121":0,"122":0,"123":0,"126":0,"127":0,"128":0,"130":0,"131":0,"132":0,"133":0,"134":0,"136":0,"138":0,"140":0,"143":0,"145":0,"147":0,"148":0,"149":0,"150":0,"153":0,"155":0,"157":0,"159":0,"161":0,"163":0,"166":0,"167":0,"168":0,"171":0,"172":0,"173":0,"174":0,"177":0,"178":0,"179":0,"180":0,"181":0,"182":0,"185":0,"186":0,"187":0,"188":0,"191":0,"192":0,"193":0,"194":0,"195":0,"198":0,"199":0,"200":0,"201":0,"202":0,"203":0,"204":0,"205":0,"208":0,"209":0,"210":0,"211":0,"212":0,"215":0,"216":0,"217":0,"218":0,"219":0,"220":0,"221":0,"222":0,"223":0,"224":0,"225":0,"226":0,"227":0,"230":0,"232":0,"233":0,"234":0,"235":0,"236":0,"239":0,"240":0,"241":0,"242":0,"243":0,"244":0,"245":0,"246":0,"247":0,"248":0,"249":0,"250":0,"251":0,"254":0,"255":0,"257":0,"258":0,"260":0,"261":0,"262":0,"263":0,"264":0,"265":0,"266":0,"267":0,"268":0,"269":0,"270":0,"271":0,"272":0,"275":0,"276":0,"277":0,"278":0,"279":0,"280":0,"281":0,"282":0,"283":0,"285":0,"286":0,"287":0,"289":0,"290":0,"292":0,"293":0,"295":0,"297":0,"300":0,"301":0,"302":0,"303":0,"304":0,"305":0,"306":0,"307":0,"308":0,"309":0,"311":0,"312":0,"313":0,"314":0,"315":0,"316":0,"317":0,"318":0,"319":0,"320":0,"322":0,"323":0,"324":0,"325":0,"326":0,"327":0,"328":0,"329":0,"330":0,"331":0,"333":0,"334":0,"335":0,"336":0,"337":0,"338":0,"339":0,"340":0,"341":0,"342":0,"343":0,"345":0,"346":0,"347":0,"348":0,"349":0,"350":0,"351":0,"352":0,"353":0,"354":0,"356":0,"357":0,"358":0,"359":0,"360":0,"361":0,"362":0,"365":0,"366":0,"367":0,"368":0,"369":0,"370":0,"371":0,"372":0,"373":0,"374":0,"376":0,"377":0,"378":0,"379":0,"380":0,"381":0,"382":0,"383":0,"384":0,"387":0,"388":0,"389":0,"390":0,"391":0,"392":0,"393":0,"394":0,"395":0,"397":0,"400":0,"401":0,"402":0,"403":0,"404":0,"405":0,"406":0,"409":0,"410":0,"411":0,"412":0,"413":0,"414":0,"415":0,"416":0,"417":0,"418":0,"419":0,"421":0,"423":0,"424":0,"426":0,"427":0,"429":0,"430":0,"434":0,"435":0,"436":0,"437":0,"438":0,"441":0,"442":0,"443":0,"444":0,"445":0,"449":0,"450":0,"452":0,"456":0,"457":0,"459":0,"463":0,"464":0,"465":0,"466":0,"468":0,"471":0,"472":0,"473":0,"476":0,"477":0,"478":0,"479":0,"480":0,"482":0,"483":0,"484":0,"485":0,"486":0,"487":0,"488":0,"489":0,"492":0,"493":0,"494":0,"495":0,"497":0,"498":0,"499":0,"500":0,"501":0,"503":0,"504":0,"505":0,"508":0,"509":0,"510":0,"511":0,"512":0,"513":0,"514":0,"517":0,"518":0,"519":0,"520":0,"521":0,"524":0,"525":0,"526":0,"527":0,"529":0,"530":0,"531":0,"532":0,"534":0,"535":0,"536":0,"537":0,"538":0,"539":0,"541":0,"542":0,"543":0,"544":0,"547":0,"548":0,"549":0,"550":0,"551":0,"553":0,"554":0,"555":0,"556":0,"558":0,"559":0,"560":0,"561":0,"562":0,"564":0,"566":0},"branchMap":{"0":{"type":"branch","line":1,"loc":{"start":{"line":1,"column":0},"end":{"line":567,"column":-7359}},"locations":[{"start":{"line":1,"column":0},"end":{"line":567,"column":-7359}}]}},"b":{"0":[0]},"fnMap":{"0":{"name":"(empty-report)","decl":{"start":{"line":1,"column":0},"end":{"line":567,"column":-7359}},"loc":{"start":{"line":1,"column":0},"end":{"line":567,"column":-7359}},"line":1}},"f":{"0":0}}
,"F:\\RustProjects\\MultiChat\\client\\src\\main.tsx": {"path":"F:\\RustProjects\\MultiChat\\client\\src\\main.tsx","all":true,"statementMap":{"0":{"start":{"line":1,"column":0},"end":{"line":1,"column":25}},"1":{"start":{"line":2,"column":0},"end":{"line":2,"column":39}},"2":{"start":{"line":3,"column":0},"end":{"line":3,"column":23}},"3":{"start":{"line":4,"column":0},"end":{"line":4,"column":20}},"6":{"start":{"line":7,"column":0},"end":{"line":7,"column":61}},"7":{"start":{"line":8,"column":0},"end":{"line":8,"column":20}},"8":{"start":{"line":9,"column":0},"end":{"line":9,"column":11}},"9":{"start":{"line":10,"column":0},"end":{"line":10,"column":22}},"10":{"start":{"line":11,"column":0},"end":{"line":11,"column":1}}},"s":{"0":0,"1":0,"2":0,"3":0,"6":0,"7":0,"8":0,"9":0,"10":0},"branchMap":{"0":{"type":"branch","line":1,"loc":{"start":{"line":1,"column":266},"end":{"line":11,"column":1}},"locations":[{"start":{"line":1,"column":266},"end":{"line":11,"column":1}}]}},"b":{"0":[0]},"fnMap":{"0":{"name":"(empty-report)","decl":{"start":{"line":1,"column":266},"end":{"line":11,"column":1}},"loc":{"start":{"line":1,"column":266},"end":{"line":11,"column":1}},"line":1}},"f":{"0":0}}
,"F:\\RustProjects\\MultiChat\\client\\src\\components\\AddModelDialog.tsx": {"path":"F:\\RustProjects\\MultiChat\\client\\src\\components\\AddModelDialog.tsx","all":true,"statementMap":{"0":{"start":{"line":1,"column":0},"end":{"line":1,"column":57}},"45":{"start":{"line":46,"column":0},"end":{"line":46,"column":41}},"46":{"start":{"line":47,"column":0},"end":{"line":47,"column":53}},"48":{"start":{"line":49,"column":0},"end":{"line":49,"column":10}},"49":{"start":{"line":50,"column":0},"end":{"line":50,"column":8}},"50":{"start":{"line":51,"column":0},"end":{"line":51,"column":21}},"51":{"start":{"line":52,"column":0},"end":{"line":52,"column":30}},"52":{"start":{"line":53,"column":0},"end":{"line":53,"column":43}},"53":{"start":{"line":54,"column":0},"end":{"line":54,"column":51}},"54":{"start":{"line":55,"column":0},"end":{"line":55,"column":16}},"56":{"start":{"line":57,"column":0},"end":{"line":57,"column":63}},"57":{"start":{"line":58,"column":0},"end":{"line":58,"column":10}},"59":{"start":{"line":60,"column":0},"end":{"line":60,"column":1}},"62":{"start":{"line":63,"column":0},"end":{"line":63,"column":61}},"63":{"start":{"line":64,"column":0},"end":{"line":64,"column":10}},"64":{"start":{"line":65,"column":0},"end":{"line":65,"column":17}},"65":{"start":{"line":66,"column":0},"end":{"line":66,"column":31}},"66":{"start":{"line":67,"column":0},"end":{"line":67,"column":35}},"67":{"start":{"line":68,"column":0},"end":{"line":68,"column":31}},"68":{"start":{"line":69,"column":0},"end":{"line":69,"column":37}},"69":{"start":{"line":70,"column":0},"end":{"line":70,"column":48}},"70":{"start":{"line":71,"column":0},"end":{"line":71,"column":41}},"71":{"start":{"line":72,"column":0},"end":{"line":72,"column":59}},"72":{"start":{"line":73,"column":0},"end":{"line":73,"column":60}},"73":{"start":{"line":74,"column":0},"end":{"line":74,"column":48}},"74":{"start":{"line":75,"column":0},"end":{"line":75,"column":58}},"75":{"start":{"line":76,"column":0},"end":{"line":76,"column":33}},"76":{"start":{"line":77,"column":0},"end":{"line":77,"column":25}},"77":{"start":{"line":78,"column":0},"end":{"line":78,"column":64}},"78":{"start":{"line":79,"column":0},"end":{"line":79,"column":4}},"79":{"start":{"line":80,"column":0},"end":{"line":80,"column":1}},"82":{"start":{"line":83,"column":0},"end":{"line":83,"column":117}},"83":{"start":{"line":84,"column":0},"end":{"line":84,"column":33}},"86":{"start":{"line":87,"column":0},"end":{"line":87,"column":83}},"88":{"start":{"line":89,"column":0},"end":{"line":89,"column":67}},"90":{"start":{"line":91,"column":0},"end":{"line":91,"column":46}},"93":{"start":{"line":94,"column":0},"end":{"line":94,"column":19}},"94":{"start":{"line":95,"column":0},"end":{"line":95,"column":20}},"95":{"start":{"line":96,"column":0},"end":{"line":96,"column":46}},"96":{"start":{"line":97,"column":0},"end":{"line":97,"column":20}},"97":{"start":{"line":98,"column":0},"end":{"line":98,"column":12}},"98":{"start":{"line":99,"column":0},"end":{"line":99,"column":43}},"99":{"start":{"line":100,"column":0},"end":{"line":100,"column":20}},"100":{"start":{"line":101,"column":0},"end":{"line":101,"column":5}},"101":{"start":{"line":102,"column":0},"end":{"line":102,"column":24}},"104":{"start":{"line":105,"column":0},"end":{"line":105,"column":84}},"105":{"start":{"line":106,"column":0},"end":{"line":106,"column":28}},"106":{"start":{"line":107,"column":0},"end":{"line":107,"column":14}},"107":{"start":{"line":108,"column":0},"end":{"line":108,"column":21}},"108":{"start":{"line":109,"column":0},"end":{"line":109,"column":8}},"109":{"start":{"line":110,"column":0},"end":{"line":110,"column":24}},"110":{"start":{"line":111,"column":0},"end":{"line":111,"column":27}},"111":{"start":{"line":112,"column":0},"end":{"line":112,"column":38}},"112":{"start":{"line":113,"column":0},"end":{"line":113,"column":32}},"113":{"start":{"line":114,"column":0},"end":{"line":114,"column":25}},"114":{"start":{"line":115,"column":0},"end":{"line":115,"column":9}},"115":{"start":{"line":116,"column":0},"end":{"line":116,"column":5}},"116":{"start":{"line":117,"column":0},"end":{"line":117,"column":15}},"119":{"start":{"line":120,"column":0},"end":{"line":120,"column":79}},"120":{"start":{"line":121,"column":0},"end":{"line":121,"column":26}},"121":{"start":{"line":122,"column":0},"end":{"line":122,"column":28}},"122":{"start":{"line":123,"column":0},"end":{"line":123,"column":14}},"123":{"start":{"line":124,"column":0},"end":{"line":124,"column":57}},"124":{"start":{"line":125,"column":0},"end":{"line":125,"column":8}},"125":{"start":{"line":126,"column":0},"end":{"line":126,"column":4}},"128":{"start":{"line":129,"column":0},"end":{"line":129,"column":51}},"129":{"start":{"line":130,"column":0},"end":{"line":130,"column":49}},"131":{"start":{"line":132,"column":0},"end":{"line":132,"column":30}},"132":{"start":{"line":133,"column":0},"end":{"line":133,"column":32}},"133":{"start":{"line":134,"column":0},"end":{"line":134,"column":5}},"135":{"start":{"line":136,"column":0},"end":{"line":136,"column":39}},"136":{"start":{"line":137,"column":0},"end":{"line":137,"column":40}},"137":{"start":{"line":138,"column":0},"end":{"line":138,"column":5}},"139":{"start":{"line":140,"column":0},"end":{"line":140,"column":34}},"140":{"start":{"line":141,"column":0},"end":{"line":141,"column":38}},"141":{"start":{"line":142,"column":0},"end":{"line":142,"column":5}},"143":{"start":{"line":144,"column":0},"end":{"line":144,"column":25}},"144":{"start":{"line":145,"column":0},"end":{"line":145,"column":47}},"145":{"start":{"line":146,"column":0},"end":{"line":146,"column":17}},"148":{"start":{"line":149,"column":0},"end":{"line":149,"column":42}},"149":{"start":{"line":150,"column":0},"end":{"line":150,"column":26}},"150":{"start":{"line":151,"column":0},"end":{"line":151,"column":13}},"151":{"start":{"line":152,"column":0},"end":{"line":152,"column":5}},"153":{"start":{"line":154,"column":0},"end":{"line":154,"column":65}},"154":{"start":{"line":155,"column":0},"end":{"line":155,"column":22}},"155":{"start":{"line":156,"column":0},"end":{"line":156,"column":94}},"156":{"start":{"line":157,"column":0},"end":{"line":157,"column":52}},"157":{"start":{"line":158,"column":0},"end":{"line":158,"column":36}},"158":{"start":{"line":159,"column":0},"end":{"line":159,"column":40}},"159":{"start":{"line":160,"column":0},"end":{"line":160,"column":30}},"160":{"start":{"line":161,"column":0},"end":{"line":161,"column":42}},"161":{"start":{"line":162,"column":0},"end":{"line":162,"column":40}},"162":{"start":{"line":163,"column":0},"end":{"line":163,"column":40}},"163":{"start":{"line":164,"column":0},"end":{"line":164,"column":54}},"164":{"start":{"line":165,"column":0},"end":{"line":165,"column":56}},"165":{"start":{"line":166,"column":0},"end":{"line":166,"column":46}},"166":{"start":{"line":167,"column":0},"end":{"line":167,"column":55}},"167":{"start":{"line":168,"column":0},"end":{"line":168,"column":38}},"168":{"start":{"line":169,"column":0},"end":{"line":169,"column":6}},"170":{"start":{"line":171,"column":0},"end":{"line":171,"column":46}},"171":{"start":{"line":172,"column":0},"end":{"line":172,"column":42}},"172":{"start":{"line":173,"column":0},"end":{"line":173,"column":12}},"173":{"start":{"line":174,"column":0},"end":{"line":174,"column":28}},"174":{"start":{"line":175,"column":0},"end":{"line":175,"column":5}},"176":{"start":{"line":177,"column":0},"end":{"line":177,"column":41}},"177":{"start":{"line":178,"column":0},"end":{"line":178,"column":18}},"178":{"start":{"line":179,"column":0},"end":{"line":179,"column":74}},"181":{"start":{"line":182,"column":0},"end":{"line":182,"column":41}},"182":{"start":{"line":183,"column":0},"end":{"line":183,"column":41}},"183":{"start":{"line":184,"column":0},"end":{"line":184,"column":18}},"184":{"start":{"line":185,"column":0},"end":{"line":185,"column":14}},"185":{"start":{"line":186,"column":0},"end":{"line":186,"column":16}},"187":{"start":{"line":188,"column":0},"end":{"line":188,"column":10}},"188":{"start":{"line":189,"column":0},"end":{"line":189,"column":70}},"189":{"start":{"line":190,"column":0},"end":{"line":190,"column":78}},"190":{"start":{"line":191,"column":0},"end":{"line":191,"column":36}},"192":{"start":{"line":193,"column":0},"end":{"line":193,"column":62}},"193":{"start":{"line":194,"column":0},"end":{"line":194,"column":15}},"194":{"start":{"line":195,"column":0},"end":{"line":195,"column":28}},"195":{"start":{"line":196,"column":0},"end":{"line":196,"column":38}},"196":{"start":{"line":197,"column":0},"end":{"line":197,"column":31}},"197":{"start":{"line":198,"column":0},"end":{"line":198,"column":31}},"199":{"start":{"line":200,"column":0},"end":{"line":200,"column":57}},"200":{"start":{"line":201,"column":0},"end":{"line":201,"column":57}},"201":{"start":{"line":202,"column":0},"end":{"line":202,"column":17}},"202":{"start":{"line":203,"column":0},"end":{"line":203,"column":14}},"205":{"start":{"line":206,"column":0},"end":{"line":206,"column":45}},"206":{"start":{"line":207,"column":0},"end":{"line":207,"column":48}},"208":{"start":{"line":209,"column":0},"end":{"line":209,"column":18}},"209":{"start":{"line":210,"column":0},"end":{"line":210,"column":48}},"210":{"start":{"line":211,"column":0},"end":{"line":211,"column":44}},"211":{"start":{"line":212,"column":0},"end":{"line":212,"column":19}},"212":{"start":{"line":213,"column":0},"end":{"line":213,"column":39}},"213":{"start":{"line":214,"column":0},"end":{"line":214,"column":29}},"214":{"start":{"line":215,"column":0},"end":{"line":215,"column":72}},"216":{"start":{"line":217,"column":0},"end":{"line":217,"column":56}},"217":{"start":{"line":218,"column":0},"end":{"line":218,"column":62}},"218":{"start":{"line":219,"column":0},"end":{"line":219,"column":65}},"219":{"start":{"line":220,"column":0},"end":{"line":220,"column":61}},"220":{"start":{"line":221,"column":0},"end":{"line":221,"column":21}},"221":{"start":{"line":222,"column":0},"end":{"line":222,"column":24}},"222":{"start":{"line":223,"column":0},"end":{"line":223,"column":19}},"225":{"start":{"line":226,"column":0},"end":{"line":226,"column":45}},"226":{"start":{"line":227,"column":0},"end":{"line":227,"column":101}},"228":{"start":{"line":229,"column":0},"end":{"line":229,"column":17}},"229":{"start":{"line":230,"column":0},"end":{"line":230,"column":80}},"231":{"start":{"line":232,"column":0},"end":{"line":232,"column":27}},"232":{"start":{"line":233,"column":0},"end":{"line":233,"column":64}},"233":{"start":{"line":234,"column":0},"end":{"line":234,"column":23}},"234":{"start":{"line":235,"column":0},"end":{"line":235,"column":44}},"235":{"start":{"line":236,"column":0},"end":{"line":236,"column":77}},"236":{"start":{"line":237,"column":0},"end":{"line":237,"column":30}},"238":{"start":{"line":239,"column":0},"end":{"line":239,"column":55}},"239":{"start":{"line":240,"column":0},"end":{"line":240,"column":70}},"240":{"start":{"line":241,"column":0},"end":{"line":241,"column":36}},"241":{"start":{"line":242,"column":0},"end":{"line":242,"column":31}},"242":{"start":{"line":243,"column":0},"end":{"line":243,"column":21}},"243":{"start":{"line":244,"column":0},"end":{"line":244,"column":25}},"244":{"start":{"line":245,"column":0},"end":{"line":245,"column":28}},"245":{"start":{"line":246,"column":0},"end":{"line":246,"column":18}},"248":{"start":{"line":249,"column":0},"end":{"line":249,"column":17}},"249":{"start":{"line":250,"column":0},"end":{"line":250,"column":108}},"250":{"start":{"line":251,"column":0},"end":{"line":251,"column":73}},"252":{"start":{"line":253,"column":0},"end":{"line":253,"column":29}},"253":{"start":{"line":254,"column":0},"end":{"line":254,"column":78}},"254":{"start":{"line":255,"column":0},"end":{"line":255,"column":62}},"255":{"start":{"line":256,"column":0},"end":{"line":256,"column":71}},"257":{"start":{"line":258,"column":0},"end":{"line":258,"column":31}},"258":{"start":{"line":259,"column":0},"end":{"line":259,"column":25}},"259":{"start":{"line":260,"column":0},"end":{"line":260,"column":32}},"260":{"start":{"line":261,"column":0},"end":{"line":261,"column":49}},"261":{"start":{"line":262,"column":0},"end":{"line":262,"column":82}},"262":{"start":{"line":263,"column":0},"end":{"line":263,"column":20}},"263":{"start":{"line":264,"column":0},"end":{"line":264,"column":22}},"264":{"start":{"line":265,"column":0},"end":{"line":265,"column":20}},"265":{"start":{"line":266,"column":0},"end":{"line":266,"column":24}},"266":{"start":{"line":267,"column":0},"end":{"line":267,"column":25}},"267":{"start":{"line":268,"column":0},"end":{"line":268,"column":60}},"268":{"start":{"line":269,"column":0},"end":{"line":269,"column":44}},"269":{"start":{"line":270,"column":0},"end":{"line":270,"column":77}},"270":{"start":{"line":271,"column":0},"end":{"line":271,"column":44}},"271":{"start":{"line":272,"column":0},"end":{"line":272,"column":47}},"272":{"start":{"line":273,"column":0},"end":{"line":273,"column":16}},"273":{"start":{"line":274,"column":0},"end":{"line":274,"column":72}},"274":{"start":{"line":275,"column":0},"end":{"line":275,"column":46}},"276":{"start":{"line":277,"column":0},"end":{"line":277,"column":24}},"278":{"start":{"line":279,"column":0},"end":{"line":279,"column":29}},"279":{"start":{"line":280,"column":0},"end":{"line":280,"column":22}},"280":{"start":{"line":281,"column":0},"end":{"line":281,"column":18}},"283":{"start":{"line":284,"column":0},"end":{"line":284,"column":17}},"284":{"start":{"line":285,"column":0},"end":{"line":285,"column":108}},"285":{"start":{"line":286,"column":0},"end":{"line":286,"column":73}},"287":{"start":{"line":288,"column":0},"end":{"line":288,"column":29}},"288":{"start":{"line":289,"column":0},"end":{"line":289,"column":33}},"289":{"start":{"line":290,"column":0},"end":{"line":290,"column":27}},"290":{"start":{"line":291,"column":0},"end":{"line":291,"column":27}},"291":{"start":{"line":292,"column":0},"end":{"line":292,"column":34}},"292":{"start":{"line":293,"column":0},"end":{"line":293,"column":53}},"293":{"start":{"line":294,"column":0},"end":{"line":294,"column":86}},"294":{"start":{"line":295,"column":0},"end":{"line":295,"column":22}},"296":{"start":{"line":297,"column":0},"end":{"line":297,"column":25}},"297":{"start":{"line":298,"column":0},"end":{"line":298,"column":73}},"299":{"start":{"line":300,"column":0},"end":{"line":300,"column":33}},"301":{"start":{"line":302,"column":0},"end":{"line":302,"column":31}},"302":{"start":{"line":303,"column":0},"end":{"line":303,"column":18}},"303":{"start":{"line":304,"column":0},"end":{"line":304,"column":20}},"304":{"start":{"line":305,"column":0},"end":{"line":305,"column":24}},"305":{"start":{"line":306,"column":0},"end":{"line":306,"column":25}},"306":{"start":{"line":307,"column":0},"end":{"line":307,"column":37}},"307":{"start":{"line":308,"column":0},"end":{"line":308,"column":35}},"308":{"start":{"line":309,"column":0},"end":{"line":309,"column":68}},"309":{"start":{"line":310,"column":0},"end":{"line":310,"column":35}},"310":{"start":{"line":311,"column":0},"end":{"line":311,"column":38}},"311":{"start":{"line":312,"column":0},"end":{"line":312,"column":37}},"312":{"start":{"line":313,"column":0},"end":{"line":313,"column":16}},"313":{"start":{"line":314,"column":0},"end":{"line":314,"column":30}},"314":{"start":{"line":315,"column":0},"end":{"line":315,"column":104}},"316":{"start":{"line":317,"column":0},"end":{"line":317,"column":29}},"318":{"start":{"line":319,"column":0},"end":{"line":319,"column":18}},"321":{"start":{"line":322,"column":0},"end":{"line":322,"column":17}},"322":{"start":{"line":323,"column":0},"end":{"line":323,"column":80}},"324":{"start":{"line":325,"column":0},"end":{"line":325,"column":27}},"325":{"start":{"line":326,"column":0},"end":{"line":326,"column":24}},"326":{"start":{"line":327,"column":0},"end":{"line":327,"column":25}},"327":{"start":{"line":328,"column":0},"end":{"line":328,"column":31}},"328":{"start":{"line":329,"column":0},"end":{"line":329,"column":69}},"329":{"start":{"line":330,"column":0},"end":{"line":330,"column":39}},"330":{"start":{"line":331,"column":0},"end":{"line":331,"column":72}},"331":{"start":{"line":332,"column":0},"end":{"line":332,"column":39}},"332":{"start":{"line":333,"column":0},"end":{"line":333,"column":42}},"333":{"start":{"line":334,"column":0},"end":{"line":334,"column":16}},"334":{"start":{"line":335,"column":0},"end":{"line":335,"column":18}},"337":{"start":{"line":338,"column":0},"end":{"line":338,"column":107}},"338":{"start":{"line":339,"column":0},"end":{"line":339,"column":31}},"339":{"start":{"line":340,"column":0},"end":{"line":340,"column":47}},"340":{"start":{"line":341,"column":0},"end":{"line":341,"column":45}},"342":{"start":{"line":343,"column":0},"end":{"line":343,"column":61}},"343":{"start":{"line":344,"column":0},"end":{"line":344,"column":33}},"344":{"start":{"line":345,"column":0},"end":{"line":345,"column":54}},"345":{"start":{"line":346,"column":0},"end":{"line":346,"column":79}},"347":{"start":{"line":348,"column":0},"end":{"line":348,"column":23}},"348":{"start":{"line":349,"column":0},"end":{"line":349,"column":65}},"350":{"start":{"line":351,"column":0},"end":{"line":351,"column":33}},"351":{"start":{"line":352,"column":0},"end":{"line":352,"column":108}},"353":{"start":{"line":354,"column":0},"end":{"line":354,"column":33}},"354":{"start":{"line":355,"column":0},"end":{"line":355,"column":43}},"355":{"start":{"line":356,"column":0},"end":{"line":356,"column":29}},"356":{"start":{"line":357,"column":0},"end":{"line":357,"column":52}},"357":{"start":{"line":358,"column":0},"end":{"line":358,"column":85}},"358":{"start":{"line":359,"column":0},"end":{"line":359,"column":36}},"360":{"start":{"line":361,"column":0},"end":{"line":361,"column":63}},"361":{"start":{"line":362,"column":0},"end":{"line":362,"column":76}},"362":{"start":{"line":363,"column":0},"end":{"line":363,"column":42}},"363":{"start":{"line":364,"column":0},"end":{"line":364,"column":37}},"364":{"start":{"line":365,"column":0},"end":{"line":365,"column":27}},"365":{"start":{"line":366,"column":0},"end":{"line":366,"column":31}},"366":{"start":{"line":367,"column":0},"end":{"line":367,"column":34}},"367":{"start":{"line":368,"column":0},"end":{"line":368,"column":24}},"370":{"start":{"line":371,"column":0},"end":{"line":371,"column":23}},"371":{"start":{"line":372,"column":0},"end":{"line":372,"column":65}},"373":{"start":{"line":374,"column":0},"end":{"line":374,"column":33}},"374":{"start":{"line":375,"column":0},"end":{"line":375,"column":108}},"376":{"start":{"line":377,"column":0},"end":{"line":377,"column":33}},"377":{"start":{"line":378,"column":0},"end":{"line":378,"column":30}},"378":{"start":{"line":379,"column":0},"end":{"line":379,"column":31}},"379":{"start":{"line":380,"column":0},"end":{"line":380,"column":45}},"380":{"start":{"line":381,"column":0},"end":{"line":381,"column":50}},"381":{"start":{"line":382,"column":0},"end":{"line":382,"column":83}},"382":{"start":{"line":383,"column":0},"end":{"line":383,"column":34}},"383":{"start":{"line":384,"column":0},"end":{"line":384,"column":32}},"384":{"start":{"line":385,"column":0},"end":{"line":385,"column":41}},"385":{"start":{"line":386,"column":0},"end":{"line":386,"column":33}},"386":{"start":{"line":387,"column":0},"end":{"line":387,"column":73}},"387":{"start":{"line":388,"column":0},"end":{"line":388,"column":42}},"388":{"start":{"line":389,"column":0},"end":{"line":389,"column":48}},"389":{"start":{"line":390,"column":0},"end":{"line":390,"column":96}},"390":{"start":{"line":391,"column":0},"end":{"line":391,"column":30}},"392":{"start":{"line":393,"column":0},"end":{"line":393,"column":26}},"393":{"start":{"line":394,"column":0},"end":{"line":394,"column":24}},"394":{"start":{"line":395,"column":0},"end":{"line":395,"column":22}},"395":{"start":{"line":396,"column":0},"end":{"line":396,"column":24}},"398":{"start":{"line":399,"column":0},"end":{"line":399,"column":23}},"399":{"start":{"line":400,"column":0},"end":{"line":400,"column":65}},"401":{"start":{"line":402,"column":0},"end":{"line":402,"column":33}},"402":{"start":{"line":403,"column":0},"end":{"line":403,"column":58}},"403":{"start":{"line":404,"column":0},"end":{"line":404,"column":32}},"404":{"start":{"line":405,"column":0},"end":{"line":405,"column":34}},"405":{"start":{"line":406,"column":0},"end":{"line":406,"column":37}},"406":{"start":{"line":407,"column":0},"end":{"line":407,"column":59}},"407":{"start":{"line":408,"column":0},"end":{"line":408,"column":107}},"408":{"start":{"line":409,"column":0},"end":{"line":409,"column":40}},"409":{"start":{"line":410,"column":0},"end":{"line":410,"column":24}},"410":{"start":{"line":411,"column":0},"end":{"line":411,"column":32}},"411":{"start":{"line":412,"column":0},"end":{"line":412,"column":34}},"412":{"start":{"line":413,"column":0},"end":{"line":413,"column":37}},"413":{"start":{"line":414,"column":0},"end":{"line":414,"column":60}},"414":{"start":{"line":415,"column":0},"end":{"line":415,"column":108}},"415":{"start":{"line":416,"column":0},"end":{"line":416,"column":40}},"416":{"start":{"line":417,"column":0},"end":{"line":417,"column":24}},"417":{"start":{"line":418,"column":0},"end":{"line":418,"column":26}},"418":{"start":{"line":419,"column":0},"end":{"line":419,"column":24}},"421":{"start":{"line":422,"column":0},"end":{"line":422,"column":23}},"422":{"start":{"line":423,"column":0},"end":{"line":423,"column":65}},"424":{"start":{"line":425,"column":0},"end":{"line":425,"column":33}},"425":{"start":{"line":426,"column":0},"end":{"line":426,"column":30}},"426":{"start":{"line":427,"column":0},"end":{"line":427,"column":31}},"427":{"start":{"line":428,"column":0},"end":{"line":428,"column":35}},"428":{"start":{"line":429,"column":0},"end":{"line":429,"column":53}},"429":{"start":{"line":430,"column":0},"end":{"line":430,"column":101}},"430":{"start":{"line":431,"column":0},"end":{"line":431,"column":22}},"431":{"start":{"line":432,"column":0},"end":{"line":432,"column":24}},"434":{"start":{"line":435,"column":0},"end":{"line":435,"column":23}},"435":{"start":{"line":436,"column":0},"end":{"line":436,"column":65}},"437":{"start":{"line":438,"column":0},"end":{"line":438,"column":33}},"438":{"start":{"line":439,"column":0},"end":{"line":439,"column":108}},"440":{"start":{"line":441,"column":0},"end":{"line":441,"column":33}},"441":{"start":{"line":442,"column":0},"end":{"line":442,"column":30}},"442":{"start":{"line":443,"column":0},"end":{"line":443,"column":31}},"443":{"start":{"line":444,"column":0},"end":{"line":444,"column":35}},"444":{"start":{"line":445,"column":0},"end":{"line":445,"column":48}},"445":{"start":{"line":446,"column":0},"end":{"line":446,"column":96}},"446":{"start":{"line":447,"column":0},"end":{"line":447,"column":34}},"447":{"start":{"line":448,"column":0},"end":{"line":448,"column":32}},"448":{"start":{"line":449,"column":0},"end":{"line":449,"column":61}},"449":{"start":{"line":450,"column":0},"end":{"line":450,"column":26}},"450":{"start":{"line":451,"column":0},"end":{"line":451,"column":24}},"451":{"start":{"line":452,"column":0},"end":{"line":452,"column":22}},"452":{"start":{"line":453,"column":0},"end":{"line":453,"column":24}},"453":{"start":{"line":454,"column":0},"end":{"line":454,"column":22}},"454":{"start":{"line":455,"column":0},"end":{"line":455,"column":33}},"455":{"start":{"line":456,"column":0},"end":{"line":456,"column":24}},"456":{"start":{"line":457,"column":0},"end":{"line":457,"column":16}},"457":{"start":{"line":458,"column":0},"end":{"line":458,"column":19}},"458":{"start":{"line":459,"column":0},"end":{"line":459,"column":22}},"459":{"start":{"line":460,"column":0},"end":{"line":460,"column":43}},"460":{"start":{"line":461,"column":0},"end":{"line":461,"column":15}},"461":{"start":{"line":462,"column":0},"end":{"line":462,"column":29}},"462":{"start":{"line":463,"column":0},"end":{"line":463,"column":19}},"463":{"start":{"line":464,"column":0},"end":{"line":464,"column":32}},"464":{"start":{"line":465,"column":0},"end":{"line":465,"column":57}},"466":{"start":{"line":467,"column":0},"end":{"line":467,"column":40}},"467":{"start":{"line":468,"column":0},"end":{"line":468,"column":17}},"468":{"start":{"line":469,"column":0},"end":{"line":469,"column":22}},"469":{"start":{"line":470,"column":0},"end":{"line":470,"column":13}},"471":{"start":{"line":472,"column":0},"end":{"line":472,"column":1}}},"s":{"0":0,"45":0,"46":0,"48":0,"49":0,"50":0,"51":0,"52":0,"53":0,"54":0,"56":0,"57":0,"59":0,"62":0,"63":0,"64":0,"65":0,"66":0,"67":0,"68":0,"69":0,"70":0,"71":0,"72":0,"73":0,"74":0,"75":0,"76":0,"77":0,"78":0,"79":0,"82":0,"83":0,"86":0,"88":0,"90":0,"93":0,"94":0,"95":0,"96":0,"97":0,"98":0,"99":0,"100":0,"101":0,"104":0,"105":0,"106":0,"107":0,"108":0,"109":0,"110":0,"111":0,"112":0,"113":0,"114":0,"115":0,"116":0,"119":0,"120":0,"121":0,"122":0,"123":0,"124":0,"125":0,"128":0,"129":0,"131":0,"132":0,"133":0,"135":0,"136":0,"137":0,"139":0,"140":0,"141":0,"143":0,"144":0,"145":0,"148":0,"149":0,"150":0,"151":0,"153":0,"154":0,"155":0,"156":0,"157":0,"158":0,"159":0,"160":0,"161":0,"162":0,"163":0,"164":0,"165":0,"166":0,"167":0,"168":0,"170":0,"171":0,"172":0,"173":0,"174":0,"176":0,"177":0,"178":0,"181":0,"182":0,"183":0,"184":0,"185":0,"187":0,"188":0,"189":0,"190":0,"192":0,"193":0,"194":0,"195":0,"196":0,"197":0,"199":0,"200":0,"201":0,"202":0,"205":0,"206":0,"208":0,"209":0,"210":0,"211":0,"212":0,"213":0,"214":0,"216":0,"217":0,"218":0,"219":0,"220":0,"221":0,"222":0,"225":0,"226":0,"228":0,"229":0,"231":0,"232":0,"233":0,"234":0,"235":0,"236":0,"238":0,"239":0,"240":0,"241":0,"242":0,"243":0,"244":0,"245":0,"248":0,"249":0,"250":0,"252":0,"253":0,"254":0,"255":0,"257":0,"258":0,"259":0,"260":0,"261":0,"262":0,"263":0,"264":0,"265":0,"266":0,"267":0,"268":0,"269":0,"270":0,"271":0,"272":0,"273":0,"274":0,"276":0,"278":0,"279":0,"280":0,"283":0,"284":0,"285":0,"287":0,"288":0,"289":0,"290":0,"291":0,"292":0,"293":0,"294":0,"296":0,"297":0,"299":0,"301":0,"302":0,"303":0,"304":0,"305":0,"306":0,"307":0,"308":0,"309":0,"310":0,"311":0,"312":0,"313":0,"314":0,"316":0,"318":0,"321":0,"322":0,"324":0,"325":0,"326":0,"327":0,"328":0,"329":0,"330":0,"331":0,"332":0,"333":0,"334":0,"337":0,"338":0,"339":0,"340":0,"342":0,"343":0,"344":0,"345":0,"347":0,"348":0,"350":0,"351":0,"353":0,"354":0,"355":0,"356":0,"357":0,"358":0,"360":0,"361":0,"362":0,"363":0,"364":0,"365":0,"366":0,"367":0,"370":0,"371":0,"373":0,"374":0,"376":0,"377":0,"378":0,"379":0,"380":0,"381":0,"382":0,"383":0,"384":0,"385":0,"386":0,"387":0,"388":0,"389":0,"390":0,"392":0,"393":0,"394":0,"395":0,"398":0,"399":0,"401":0,"402":0,"403":0,"404":0,"405":0,"406":0,"407":0,"408":0,"409":0,"410":0,"411":0,"412":0,"413":0,"414":0,"415":0,"416":0,"417":0,"418":0,"421":0,"422":0,"424":0,"425":0,"426":0,"427":0,"428":0,"429":0,"430":0,"431":0,"434":0,"435":0,"437":0,"438":0,"440":0,"441":0,"442":0,"443":0,"444":0,"445":0,"446":0,"447":0,"448":0,"449":0,"450":0,"451":0,"452":0,"453":0,"454":0,"455":0,"456":0,"457":0,"458":0,"459":0,"460":0,"461":0,"462":0,"463":0,"464":0,"466":0,"467":0,"468":0,"469":0,"471":0},"branchMap":{"0":{"type":"branch","line":1,"loc":{"start":{"line":1,"column":0},"end":{"line":472,"column":-7738}},"locations":[{"start":{"line":1,"column":0},"end":{"line":472,"column":-7738}}]}},"b":{"0":[0]},"fnMap":{"0":{"name":"(empty-report)","decl":{"start":{"line":1,"column":0},"end":{"line":472,"column":-7738}},"loc":{"start":{"line":1,"column":0},"end":{"line":472,"column":-7738}},"line":1}},"f":{"0":0}}
[...]
column":31}},"251":{"start":{"line":252,"column":0},"end":{"line":252,"column":27}},"252":{"start":{"line":253,"column":0},"end":{"line":253,"column":7}},"253":{"start":{"line":254,"column":0},"end":{"line":254,"column":49}},"255":{"start":{"line":256,"column":0},"end":{"line":256,"column":59}},"256":{"start":{"line":257,"column":0},"end":{"line":257,"column":64}},"257":{"start":{"line":258,"column":0},"end":{"line":258,"column":6}},"258":{"start":{"line":259,"column":0},"end":{"line":259,"column":4}},"260":{"start":{"line":261,"column":0},"end":{"line":261,"column":34}},"261":{"start":{"line":262,"column":0},"end":{"line":262,"column":28}},"262":{"start":{"line":263,"column":0},"end":{"line":263,"column":56}},"263":{"start":{"line":264,"column":0},"end":{"line":264,"column":29}},"264":{"start":{"line":265,"column":0},"end":{"line":265,"column":99}},"265":{"start":{"line":266,"column":0},"end":{"line":266,"column":7}},"266":{"start":{"line":267,"column":0},"end":{"line":267,"column":35}},"267":{"start":{"line":268,"column":0},"end":{"line":268,"column":28}},"269":{"start":{"line":270,"column":0},"end":{"line":270,"column":50}},"270":{"start":{"line":271,"column":0},"end":{"line":271,"column":49}},"272":{"start":{"line":273,"column":0},"end":{"line":273,"column":47}},"273":{"start":{"line":274,"column":0},"end":{"line":274,"column":47}},"274":{"start":{"line":275,"column":0},"end":{"line":275,"column":44}},"275":{"start":{"line":276,"column":0},"end":{"line":276,"column":6}},"277":{"start":{"line":278,"column":0},"end":{"line":278,"column":33}},"278":{"start":{"line":279,"column":0},"end":{"line":279,"column":100}},"280":{"start":{"line":281,"column":0},"end":{"line":281,"column":43}},"282":{"start":{"line":283,"column":0},"end":{"line":283,"column":62}},"283":{"start":{"line":284,"column":0},"end":{"line":284,"column":31}},"284":{"start":{"line":285,"column":0},"end":{"line":285,"column":6}},"285":{"start":{"line":286,"column":0},"end":{"line":286,"column":4}},"287":{"start":{"line":288,"column":0},"end":{"line":288,"column":41}},"288":{"start":{"line":289,"column":0},"end":{"line":289,"column":24}},"289":{"start":{"line":290,"column":0},"end":{"line":290,"column":39}},"290":{"start":{"line":291,"column":0},"end":{"line":291,"column":40}},"291":{"start":{"line":292,"column":0},"end":{"line":292,"column":62}},"292":{"start":{"line":293,"column":0},"end":{"line":293,"column":7}},"294":{"start":{"line":295,"column":0},"end":{"line":295,"column":34}},"295":{"start":{"line":296,"column":0},"end":{"line":296,"column":29}},"296":{"start":{"line":297,"column":0},"end":{"line":297,"column":54}},"297":{"start":{"line":298,"column":0},"end":{"line":298,"column":7}},"298":{"start":{"line":299,"column":0},"end":{"line":299,"column":49}},"300":{"start":{"line":301,"column":0},"end":{"line":301,"column":49}},"301":{"start":{"line":302,"column":0},"end":{"line":302,"column":50}},"302":{"start":{"line":303,"column":0},"end":{"line":303,"column":44}},"303":{"start":{"line":304,"column":0},"end":{"line":304,"column":6}},"305":{"start":{"line":306,"column":0},"end":{"line":306,"column":28}},"306":{"start":{"line":307,"column":0},"end":{"line":307,"column":50}},"308":{"start":{"line":309,"column":0},"end":{"line":309,"column":34}},"309":{"start":{"line":310,"column":0},"end":{"line":310,"column":29}},"310":{"start":{"line":311,"column":0},"end":{"line":311,"column":69}},"311":{"start":{"line":312,"column":0},"end":{"line":312,"column":7}},"312":{"start":{"line":313,"column":0},"end":{"line":313,"column":49}},"314":{"start":{"line":315,"column":0},"end":{"line":315,"column":43}},"315":{"start":{"line":316,"column":0},"end":{"line":316,"column":43}},"316":{"start":{"line":317,"column":0},"end":{"line":317,"column":6}},"317":{"start":{"line":318,"column":0},"end":{"line":318,"column":4}},"318":{"start":{"line":319,"column":0},"end":{"line":319,"column":2}},"320":{"start":{"line":321,"column":0},"end":{"line":321,"column":45}},"321":{"start":{"line":322,"column":0},"end":{"line":322,"column":20}},"322":{"start":{"line":323,"column":0},"end":{"line":323,"column":24}},"323":{"start":{"line":324,"column":0},"end":{"line":324,"column":22}},"324":{"start":{"line":325,"column":0},"end":{"line":325,"column":4}},"326":{"start":{"line":327,"column":0},"end":{"line":327,"column":29}},"327":{"start":{"line":328,"column":0},"end":{"line":328,"column":37}},"328":{"start":{"line":329,"column":0},"end":{"line":329,"column":38}},"329":{"start":{"line":330,"column":0},"end":{"line":330,"column":60}},"330":{"start":{"line":331,"column":0},"end":{"line":331,"column":5}},"331":{"start":{"line":332,"column":0},"end":{"line":332,"column":71}},"333":{"start":{"line":334,"column":0},"end":{"line":334,"column":43}},"335":{"start":{"line":336,"column":0},"end":{"line":336,"column":36}},"336":{"start":{"line":337,"column":0},"end":{"line":337,"column":4}},"338":{"start":{"line":339,"column":0},"end":{"line":339,"column":25}},"339":{"start":{"line":340,"column":0},"end":{"line":340,"column":43}},"341":{"start":{"line":342,"column":0},"end":{"line":342,"column":30}},"342":{"start":{"line":343,"column":0},"end":{"line":343,"column":4}},"344":{"start":{"line":345,"column":0},"end":{"line":345,"column":26}},"345":{"start":{"line":346,"column":0},"end":{"line":346,"column":49}},"347":{"start":{"line":348,"column":0},"end":{"line":348,"column":43}},"349":{"start":{"line":350,"column":0},"end":{"line":350,"column":30}},"350":{"start":{"line":351,"column":0},"end":{"line":351,"column":4}},"352":{"start":{"line":353,"column":0},"end":{"line":353,"column":31}},"353":{"start":{"line":354,"column":0},"end":{"line":354,"column":61}},"355":{"start":{"line":356,"column":0},"end":{"line":356,"column":43}},"357":{"start":{"line":358,"column":0},"end":{"line":358,"column":30}},"358":{"start":{"line":359,"column":0},"end":{"line":359,"column":64}},"359":{"start":{"line":360,"column":0},"end":{"line":360,"column":4}},"361":{"start":{"line":362,"column":0},"end":{"line":362,"column":22}},"362":{"start":{"line":363,"column":0},"end":{"line":363,"column":29}},"363":{"start":{"line":364,"column":0},"end":{"line":364,"column":38}},"364":{"start":{"line":365,"column":0},"end":{"line":365,"column":26}},"365":{"start":{"line":366,"column":0},"end":{"line":366,"column":29}},"366":{"start":{"line":367,"column":0},"end":{"line":367,"column":11}},"367":{"start":{"line":368,"column":0},"end":{"line":368,"column":45}},"368":{"start":{"line":369,"column":0},"end":{"line":369,"column":14}},"369":{"start":{"line":370,"column":0},"end":{"line":370,"column":78}},"371":{"start":{"line":372,"column":0},"end":{"line":372,"column":43}},"373":{"start":{"line":374,"column":0},"end":{"line":374,"column":34}},"374":{"start":{"line":375,"column":0},"end":{"line":375,"column":40}},"375":{"start":{"line":376,"column":0},"end":{"line":376,"column":42}},"376":{"start":{"line":377,"column":0},"end":{"line":377,"column":4}},"378":{"start":{"line":379,"column":0},"end":{"line":379,"column":27}},"379":{"start":{"line":380,"column":0},"end":{"line":380,"column":38}},"380":{"start":{"line":381,"column":0},"end":{"line":381,"column":34}},"381":{"start":{"line":382,"column":0},"end":{"line":382,"column":59}},"382":{"start":{"line":383,"column":0},"end":{"line":383,"column":80}},"383":{"start":{"line":384,"column":0},"end":{"line":384,"column":5}},"384":{"start":{"line":385,"column":0},"end":{"line":385,"column":71}},"386":{"start":{"line":387,"column":0},"end":{"line":387,"column":43}},"388":{"start":{"line":389,"column":0},"end":{"line":389,"column":49}},"389":{"start":{"line":390,"column":0},"end":{"line":390,"column":4}},"390":{"start":{"line":391,"column":0},"end":{"line":391,"column":2}},"392":{"start":{"line":393,"column":0},"end":{"line":393,"column":43}},"393":{"start":{"line":394,"column":0},"end":{"line":394,"column":20}},"394":{"start":{"line":395,"column":0},"end":{"line":395,"column":24}},"395":{"start":{"line":396,"column":0},"end":{"line":396,"column":4}},"397":{"start":{"line":398,"column":0},"end":{"line":398,"column":36}},"398":{"start":{"line":399,"column":0},"end":{"line":399,"column":37}},"399":{"start":{"line":400,"column":0},"end":{"line":400,"column":38}},"400":{"start":{"line":401,"column":0},"end":{"line":401,"column":59}},"401":{"start":{"line":402,"column":0},"end":{"line":402,"column":5}},"403":{"start":{"line":404,"column":0},"end":{"line":404,"column":34}},"405":{"start":{"line":406,"column":0},"end":{"line":406,"column":60}},"406":{"start":{"line":407,"column":0},"end":{"line":407,"column":31}},"407":{"start":{"line":408,"column":0},"end":{"line":408,"column":49}},"408":{"start":{"line":409,"column":0},"end":{"line":409,"column":4}},"409":{"start":{"line":410,"column":0},"end":{"line":410,"column":2}}},"s":{"0":1,"6":1,"9":1,"10":1,"12":1,"13":20,"14":20,"15":20,"16":1,"18":1,"19":1,"20":1,"21":1,"23":1,"24":1,"25":1,"26":1,"27":1,"29":1,"30":1,"32":1,"34":1,"35":1,"36":1,"37":1,"38":1,"40":1,"41":1,"42":1,"43":1,"44":1,"45":1,"46":1,"48":1,"49":1,"50":1,"51":1,"53":1,"54":1,"55":1,"56":1,"57":1,"58":1,"59":1,"60":1,"62":1,"63":1,"64":1,"65":1,"66":1,"68":1,"69":1,"71":1,"72":1,"73":1,"74":1,"75":1,"76":1,"77":1,"78":1,"79":1,"80":1,"81":1,"82":1,"83":1,"84":1,"85":1,"86":1,"87":1,"89":1,"90":1,"92":1,"93":1,"94":1,"95":1,"96":1,"98":1,"99":1,"100":1,"101":1,"102":1,"103":1,"104":1,"105":1,"106":1,"108":1,"109":1,"110":1,"111":1,"112":1,"114":1,"115":1,"116":1,"118":1,"119":1,"121":1,"122":1,"123":1,"124":1,"125":1,"127":1,"128":1,"129":1,"130":1,"131":1,"132":1,"133":1,"135":1,"136":1,"137":1,"138":1,"139":1,"140":1,"142":1,"143":1,"144":1,"145":1,"147":1,"148":1,"149":1,"150":1,"151":1,"152":1,"153":1,"154":1,"155":1,"157":1,"158":1,"159":1,"160":1,"161":1,"163":1,"164":1,"165":1,"167":1,"168":1,"169":1,"170":1,"171":1,"172":1,"174":1,"175":1,"176":1,"177":1,"178":1,"180":1,"181":1,"182":1,"183":1,"184":1,"185":1,"187":1,"188":1,"190":1,"191":1,"192":1,"194":1,"195":1,"196":1,"197":1,"199":1,"200":1,"201":1,"203":1,"204":1,"205":1,"206":1,"208":1,"209":1,"210":1,"212":1,"213":1,"214":1,"215":1,"216":1,"217":1,"218":1,"220":1,"221":1,"222":1,"223":1,"224":1,"225":1,"227":1,"228":1,"229":1,"230":1,"231":1,"233":1,"234":1,"235":1,"236":1,"237":1,"239":1,"240":1,"241":1,"243":1,"244":1,"245":1,"246":1,"247":1,"249":1,"250":1,"251":1,"252":1,"253":1,"255":1,"256":1,"257":1,"258":1,"260":1,"261":1,"262":1,"263":1,"264":1,"265":1,"266":1,"267":1,"269":1,"270":1,"272":1,"273":1,"274":1,"275":1,"277":1,"278":1,"280":1,"282":1,"283":1,"284":1,"285":1,"287":1,"288":1,"289":1,"290":1,"291":1,"292":1,"294":1,"295":1,"296":1,"297":1,"298":1,"300":1,"301":1,"302":1,"303":1,"305":1,"306":1,"308":1,"309":1,"310":1,"311":1,"312":1,"314":1,"315":1,"316":1,"317":1,"318":1,"320":1,"321":1,"322":6,"323":6,"324":1,"326":1,"327":1,"328":1,"329":1,"330":1,"331":1,"333":1,"335":1,"336":1,"338":1,"339":1,"341":1,"342":1,"344":1,"345":1,"347":1,"349":1,"350":1,"352":1,"353":1,"355":1,"357":1,"358":1,"359":1,"361":1,"362":1,"363":1,"364":1,"365":1,"366":1,"367":1,"368":1,"369":1,"371":1,"373":1,"374":1,"375":1,"376":1,"378":1,"379":1,"380":1,"381":25,"382":25,"383":25,"384":1,"386":1,"388":1,"389":1,"390":1,"392":1,"393":1,"394":1,"395":1,"397":1,"398":1,"399":1,"400":1,"401":1,"403":1,"405":1,"406":1,"407":1,"408":1,"409":1},"branchMap":{"0":{"type":"branch","line":10,"loc":{"start":{"line":10,"column":27},"end":{"line":319,"column":2}},"locations":[{"start":{"line":10,"column":27},"end":{"line":319,"column":2}}]},"1":{"type":"branch","line":13,"loc":{"start":{"line":13,"column":13},"end":{"line":17,"column":3}},"locations":[{"start":{"line":13,"column":13},"end":{"line":17,"column":3}}]},"2":{"type":"branch","line":19,"loc":{"start":{"line":19,"column":34},"end":{"line":39,"column":3}},"locations":[{"start":{"line":19,"column":34},"end":{"line":39,"column":3}}]},"3":{"type":"branch","line":20,"loc":{"start":{"line":20,"column":27},"end":{"line":28,"column":5}},"locations":[{"start":{"line":20,"column":27},"end":{"line":28,"column":5}}]},"4":{"type":"branch","line":30,"loc":{"start":{"line":30,"column":29},"end":{"line":38,"column":5}},"locations":[{"start":{"line":30,"column":29},"end":{"line":38,"column":5}}]},"5":{"type":"branch","line":41,"loc":{"start":{"line":41,"column":33},"end":{"line":97,"column":3}},"locations":[{"start":{"line":41,"column":33},"end":{"line":97,"column":3}}]},"6":{"type":"branch","line":42,"loc":{"start":{"line":42,"column":34},"end":{"line":52,"column":5}},"locations":[{"start":{"line":42,"column":34},"end":{"line":52,"column":5}}]},"7":{"type":"branch","line":54,"loc":{"start":{"line":54,"column":22},"end":{"line":70,"column":5}},"locations":[{"start":{"line":54,"column":22},"end":{"line":70,"column":5}}]},"8":{"type":"branch","line":72,"loc":{"start":{"line":72,"column":26},"end":{"line":96,"column":5}},"locations":[{"start":{"line":72,"column":26},"end":{"line":96,"column":5}}]},"9":{"type":"branch","line":99,"loc":{"start":{"line":99,"column":32},"end":{"line":146,"column":3}},"locations":[{"start":{"line":99,"column":32},"end":{"line":146,"column":3}}]},"10":{"type":"branch","line":100,"loc":{"start":{"line":100,"column":24},"end":{"line":117,"column":5}},"locations":[{"start":{"line":100,"column":24},"end":{"line":117,"column":5}}]},"11":{"type":"branch","line":119,"loc":{"start":{"line":119,"column":22},"end":{"line":134,"column":5}},"locations":[{"start":{"line":119,"column":22},"end":{"line":134,"column":5}}]},"12":{"type":"branch","line":136,"loc":{"start":{"line":136,"column":25},"end":{"line":145,"column":5}},"locations":[{"start":{"line":136,"column":25},"end":{"line":145,"column":5}}]},"13":{"type":"branch","line":148,"loc":{"start":{"line":148,"column":33},"end":{"line":179,"column":3}},"locations":[{"start":{"line":148,"column":33},"end":{"line":179,"column":3}}]},"14":{"type":"branch","line":149,"loc":{"start":{"line":149,"column":25},"end":{"line":166,"column":5}},"locations":[{"start":{"line":149,"column":25},"end":{"line":166,"column":5}}]},"15":{"type":"branch","line":168,"loc":{"start":{"line":168,"column":25},"end":{"line":178,"column":5}},"locations":[{"start":{"line":168,"column":25},"end":{"line":178,"column":5}}]},"16":{"type":"branch","line":181,"loc":{"start":{"line":181,"column":34},"end":{"line":193,"column":3}},"locations":[{"start":{"line":181,"column":34},"end":{"line":193,"column":3}}]},"17":{"type":"branch","line":182,"loc":{"start":{"line":182,"column":18},"end":{"line":192,"column":5}},"locations":[{"start":{"line":182,"column":18},"end":{"line":192,"column":5}}]},"18":{"type":"branch","line":195,"loc":{"start":{"line":195,"column":33},"end":{"line":202,"column":3}},"locations":[{"start":{"line":195,"column":33},"end":{"line":202,"column":3}}]},"19":{"type":"branch","line":196,"loc":{"start":{"line":196,"column":17},"end":{"line":201,"column":5}},"locations":[{"start":{"line":196,"column":17},"end":{"line":201,"column":5}}]},"20":{"type":"branch","line":204,"loc":{"start":{"line":204,"column":38},"end":{"line":211,"column":3}},"locations":[{"start":{"line":204,"column":38},"end":{"line":211,"column":3}}]},"21":{"type":"branch","line":205,"loc":{"start":{"line":205,"column":17},"end":{"line":210,"column":5}},"locations":[{"start":{"line":205,"column":17},"end":{"line":210,"column":5}}]},"22":{"type":"branch","line":213,"loc":{"start":{"line":213,"column":33},"end":{"line":226,"column":3}},"locations":[{"start":{"line":213,"column":33},"end":{"line":226,"column":3}}]},"23":{"type":"branch","line":214,"loc":{"start":{"line":214,"column":30},"end":{"line":225,"column":5}},"locations":[{"start":{"line":214,"column":30},"end":{"line":225,"column":5}}]},"24":{"type":"branch","line":228,"loc":{"start":{"line":228,"column":36},"end":{"line":259,"column":3}},"locations":[{"start":{"line":228,"column":36},"end":{"line":259,"column":3}}]},"25":{"type":"branch","line":229,"loc":{"start":{"line":229,"column":28},"end":{"line":242,"column":5}},"locations":[{"start":{"line":229,"column":28},"end":{"line":242,"column":5}}]},"26":{"type":"branch","line":244,"loc":{"start":{"line":244,"column":22},"end":{"line":258,"column":5}},"locations":[{"start":{"line":244,"column":22},"end":{"line":258,"column":5}}]},"27":{"type":"branch","line":261,"loc":{"start":{"line":261,"column":27},"end":{"line":286,"column":3}},"locations":[{"start":{"line":261,"column":27},"end":{"line":286,"column":3}}]},"28":{"type":"branch","line":262,"loc":{"start":{"line":262,"column":21},"end":{"line":276,"column":5}},"locations":[{"start":{"line":262,"column":21},"end":{"line":276,"column":5}}]},"29":{"type":"branch","line":278,"loc":{"start":{"line":278,"column":26},"end":{"line":285,"column":5}},"locations":[{"start":{"line":278,"column":26},"end":{"line":285,"column":5}}]},"30":{"type":"branch","line":288,"loc":{"start":{"line":288,"column":34},"end":{"line":318,"column":3}},"locations":[{"start":{"line":288,"column":34},"end":{"line":318,"column":3}}]},"31":{"type":"branch","line":289,"loc":{"start":{"line":289,"column":17},"end":{"line":304,"column":5}},"locations":[{"start":{"line":289,"column":17},"end":{"line":304,"column":5}}]},"32":{"type":"branch","line":306,"loc":{"start":{"line":306,"column":21},"end":{"line":317,"column":5}},"locations":[{"start":{"line":306,"column":21},"end":{"line":317,"column":5}}]},"33":{"type":"branch","line":321,"loc":{"start":{"line":321,"column":38},"end":{"line":391,"column":2}},"locations":[{"start":{"line":321,"column":38},"end":{"line":391,"column":2}}]},"34":{"type":"branch","line":322,"loc":{"start":{"line":322,"column":13},"end":{"line":325,"column":3}},"locations":[{"start":{"line":322,"column":13},"end":{"line":325,"column":3}}]},"35":{"type":"branch","line":327,"loc":{"start":{"line":327,"column":22},"end":{"line":337,"column":3}},"locations":[{"start":{"line":327,"column":22},"end":{"line":337,"column":3}}]},"36":{"type":"branch","line":339,"loc":{"start":{"line":339,"column":18},"end":{"line":343,"column":3}},"locations":[{"start":{"line":339,"column":18},"end":{"line":343,"column":3}}]},"37":{"type":"branch","line":345,"loc":{"start":{"line":345,"column":19},"end":{"line":351,"column":3}},"locations":[{"start":{"line":345,"column":19},"end":{"line":351,"column":3}}]},"38":{"type":"branch","line":353,"loc":{"start":{"line":353,"column":24},"end":{"line":360,"column":3}},"locations":[{"start":{"line":353,"column":24},"end":{"line":360,"column":3}}]},"39":{"type":"branch","line":362,"loc":{"start":{"line":362,"column":15},"end":{"line":377,"column":3}},"locations":[{"start":{"line":362,"column":15},"end":{"line":377,"column":3}}]},"40":{"type":"branch","line":379,"loc":{"start":{"line":379,"column":20},"end":{"line":390,"column":3}},"locations":[{"start":{"line":379,"column":20},"end":{"line":390,"column":3}}]},"41":{"type":"branch","line":381,"loc":{"start":{"line":381,"column":33},"end":{"line":384,"column":5}},"locations":[{"start":{"line":381,"column":33},"end":{"line":384,"column":5}}]},"42":{"type":"branch","line":393,"loc":{"start":{"line":393,"column":36},"end":{"line":410,"column":2}},"locations":[{"start":{"line":393,"column":36},"end":{"line":410,"column":2}}]},"43":{"type":"branch","line":394,"loc":{"start":{"line":394,"column":13},"end":{"line":396,"column":3}},"locations":[{"start":{"line":394,"column":13},"end":{"line":396,"column":3}}]},"44":{"type":"branch","line":398,"loc":{"start":{"line":398,"column":29},"end":{"line":409,"column":3}},"locations":[{"start":{"line":398,"column":29},"end":{"line":409,"column":3}}]}},"b":{"0":[1],"1":[20],"2":[1],"3":[1],"4":[1],"5":[1],"6":[1],"7":[1],"8":[1],"9":[1],"10":[1],"11":[1],"12":[1],"13":[1],"14":[1],"15":[1],"16":[1],"17":[1],"18":[1],"19":[1],"20":[1],"21":[1],"22":[1],"23":[1],"24":[1],"25":[1],"26":[1],"27":[1],"28":[1],"29":[1],"30":[1],"31":[1],"32":[1],"33":[1],"34":[6],"35":[1],"36":[1],"37":[1],"38":[1],"39":[1],"40":[1],"41":[25],"42":[1],"43":[1],"44":[1]},"fnMap":{},"f":{}}
}
